{"uid":"14c12377d9144ab0","name":"testGetSingleUserByInvalidId","fullName":"com.emmanuelarhu.tests.UsersApiTest.testGetSingleUserByInvalidId","historyId":"6cbb740181f3d0d606db116643cb8331","time":{"start":1755265924794,"stop":1755265925536,"duration":742},"description":"Verify appropriate error handling for invalid user IDs","descriptionHtml":"<p>Verify appropriate error handling for invalid user IDs</p>\n","status":"failed","statusMessage":"1 expectation failed.\nExpected status code (<400> or <404> or <403>) but was <200>.\n","statusTrace":"java.lang.AssertionError: 1 expectation failed.\nExpected status code (<400> or <404> or <403>) but was <200>.\n\n\tat java.base/jdk.internal.reflect.DirectConstructorHandleAccessor.newInstance(DirectConstructorHandleAccessor.java:62)\n\tat java.base/java.lang.reflect.Constructor.newInstanceWithCaller(Constructor.java:502)\n\tat java.base/java.lang.reflect.Constructor.newInstance(Constructor.java:486)\n\tat org.codehaus.groovy.reflection.CachedConstructor.invoke(CachedConstructor.java:73)\n\tat org.codehaus.groovy.runtime.callsite.ConstructorSite$ConstructorSiteNoUnwrapNoCoerce.callConstructor(ConstructorSite.java:108)\n\tat org.codehaus.groovy.runtime.callsite.AbstractCallSite.callConstructor(AbstractCallSite.java:277)\n\tat io.restassured.internal.ResponseSpecificationImpl$HamcrestAssertionClosure.validate(ResponseSpecificationImpl.groovy:512)\n\tat io.restassured.internal.ResponseSpecificationImpl$HamcrestAssertionClosure$validate$1.call(Unknown Source)\n\tat io.restassured.internal.ResponseSpecificationImpl.validateResponseIfRequired(ResponseSpecificationImpl.groovy:696)\n\tat io.restassured.internal.ResponseSpecificationImpl.this$2$validateResponseIfRequired(ResponseSpecificationImpl.groovy)\n\tat java.base/jdk.internal.reflect.DirectMethodHandleAccessor.invoke(DirectMethodHandleAccessor.java:103)\n\tat java.base/java.lang.reflect.Method.invoke(Method.java:580)\n\tat org.codehaus.groovy.runtime.callsite.PlainObjectMetaMethodSite.doInvoke(PlainObjectMetaMethodSite.java:43)\n\tat org.codehaus.groovy.runtime.callsite.PogoMetaMethodSite$PogoCachedMethodSiteNoUnwrapNoCoerce.invoke(PogoMetaMethodSite.java:198)\n\tat org.codehaus.groovy.runtime.callsite.PogoMetaMethodSite.callCurrent(PogoMetaMethodSite.java:62)\n\tat org.codehaus.groovy.runtime.callsite.AbstractCallSite.callCurrent(AbstractCallSite.java:185)\n\tat io.restassured.internal.ResponseSpecificationImpl.statusCode(ResponseSpecificationImpl.groovy:135)\n\tat io.restassured.internal.ValidatableResponseOptionsImpl.statusCode(ValidatableResponseOptionsImpl.java:84)\n\tat com.emmanuelarhu.tests.UsersApiTest.testGetSingleUserByInvalidId(UsersApiTest.java:106)\n\tat java.base/jdk.internal.reflect.DirectMethodHandleAccessor.invoke(DirectMethodHandleAccessor.java:103)\n\tat java.base/java.lang.reflect.Method.invoke(Method.java:580)\n\tat org.testng.internal.invokers.MethodInvocationHelper.invokeMethod(MethodInvocationHelper.java:139)\n\tat org.testng.internal.invokers.TestInvoker.invokeMethod(TestInvoker.java:664)\n\tat org.testng.internal.invokers.TestInvoker.invokeTestMethod(TestInvoker.java:227)\n\tat org.testng.internal.invokers.MethodRunner.runInSequence(MethodRunner.java:50)\n\tat org.testng.internal.invokers.TestInvoker$MethodInvocationAgent.invoke(TestInvoker.java:957)\n\tat org.testng.internal.invokers.TestInvoker.invokeTestMethods(TestInvoker.java:200)\n\tat org.testng.internal.invokers.TestMethodWorker.invokeTestMethods(TestMethodWorker.java:148)\n\tat org.testng.internal.invokers.TestMethodWorker.run(TestMethodWorker.java:128)\n\tat java.base/java.util.ArrayList.forEach(ArrayList.java:1596)\n\tat org.testng.TestRunner.privateRun(TestRunner.java:848)\n\tat org.testng.TestRunner.run(TestRunner.java:621)\n\tat org.testng.SuiteRunner.runTest(SuiteRunner.java:443)\n\tat org.testng.SuiteRunner.runSequentially(SuiteRunner.java:437)\n\tat org.testng.SuiteRunner.privateRun(SuiteRunner.java:397)\n\tat org.testng.SuiteRunner.run(SuiteRunner.java:336)\n\tat org.testng.SuiteRunnerWorker.runSuite(SuiteRunnerWorker.java:52)\n\tat org.testng.SuiteRunnerWorker.run(SuiteRunnerWorker.java:95)\n\tat org.testng.TestNG.runSuitesSequentially(TestNG.java:1280)\n\tat org.testng.TestNG.runSuitesLocally(TestNG.java:1200)\n\tat org.testng.TestNG.runSuites(TestNG.java:1114)\n\tat org.testng.TestNG.run(TestNG.java:1082)\n\tat org.apache.maven.surefire.testng.TestNGExecutor.run(TestNGExecutor.java:155)\n\tat org.apache.maven.surefire.testng.TestNGDirectoryTestSuite.executeMulti(TestNGDirectoryTestSuite.java:169)\n\tat org.apache.maven.surefire.testng.TestNGDirectoryTestSuite.execute(TestNGDirectoryTestSuite.java:88)\n\tat org.apache.maven.surefire.testng.TestNGProvider.invoke(TestNGProvider.java:137)\n\tat org.apache.maven.surefire.booter.ForkedBooter.runSuitesInProcess(ForkedBooter.java:385)\n\tat org.apache.maven.surefire.booter.ForkedBooter.execute(ForkedBooter.java:162)\n\tat org.apache.maven.surefire.booter.ForkedBooter.run(ForkedBooter.java:507)\n\tat org.apache.maven.surefire.booter.ForkedBooter.main(ForkedBooter.java:495)\n","flaky":false,"newFailed":false,"newBroken":false,"newPassed":false,"retriesCount":0,"retriesStatusChange":false,"beforeStages":[{"name":"setUp","time":{"start":1755265920091,"stop":1755265920091,"duration":0},"description":"","status":"passed","steps":[],"attachments":[],"parameters":[],"shouldDisplayMessage":false,"stepsCount":0,"attachmentsCount":0,"hasContent":false,"attachmentStep":false},{"name":"beforeMethod","time":{"start":1755265924793,"stop":1755265924793,"duration":0},"description":"","status":"passed","steps":[],"attachments":[],"parameters":[],"shouldDisplayMessage":false,"stepsCount":0,"attachmentsCount":0,"hasContent":false,"attachmentStep":false}],"testStage":{"description":"Verify appropriate error handling for invalid user IDs","status":"failed","statusMessage":"1 expectation failed.\nExpected status code (<400> or <404> or <403>) but was <200>.\n","statusTrace":"java.lang.AssertionError: 1 expectation failed.\nExpected status code (<400> or <404> or <403>) but was <200>.\n\n\tat java.base/jdk.internal.reflect.DirectConstructorHandleAccessor.newInstance(DirectConstructorHandleAccessor.java:62)\n\tat java.base/java.lang.reflect.Constructor.newInstanceWithCaller(Constructor.java:502)\n\tat java.base/java.lang.reflect.Constructor.newInstance(Constructor.java:486)\n\tat org.codehaus.groovy.reflection.CachedConstructor.invoke(CachedConstructor.java:73)\n\tat org.codehaus.groovy.runtime.callsite.ConstructorSite$ConstructorSiteNoUnwrapNoCoerce.callConstructor(ConstructorSite.java:108)\n\tat org.codehaus.groovy.runtime.callsite.AbstractCallSite.callConstructor(AbstractCallSite.java:277)\n\tat io.restassured.internal.ResponseSpecificationImpl$HamcrestAssertionClosure.validate(ResponseSpecificationImpl.groovy:512)\n\tat io.restassured.internal.ResponseSpecificationImpl$HamcrestAssertionClosure$validate$1.call(Unknown Source)\n\tat io.restassured.internal.ResponseSpecificationImpl.validateResponseIfRequired(ResponseSpecificationImpl.groovy:696)\n\tat io.restassured.internal.ResponseSpecificationImpl.this$2$validateResponseIfRequired(ResponseSpecificationImpl.groovy)\n\tat java.base/jdk.internal.reflect.DirectMethodHandleAccessor.invoke(DirectMethodHandleAccessor.java:103)\n\tat java.base/java.lang.reflect.Method.invoke(Method.java:580)\n\tat org.codehaus.groovy.runtime.callsite.PlainObjectMetaMethodSite.doInvoke(PlainObjectMetaMethodSite.java:43)\n\tat org.codehaus.groovy.runtime.callsite.PogoMetaMethodSite$PogoCachedMethodSiteNoUnwrapNoCoerce.invoke(PogoMetaMethodSite.java:198)\n\tat org.codehaus.groovy.runtime.callsite.PogoMetaMethodSite.callCurrent(PogoMetaMethodSite.java:62)\n\tat org.codehaus.groovy.runtime.callsite.AbstractCallSite.callCurrent(AbstractCallSite.java:185)\n\tat io.restassured.internal.ResponseSpecificationImpl.statusCode(ResponseSpecificationImpl.groovy:135)\n\tat io.restassured.internal.ValidatableResponseOptionsImpl.statusCode(ValidatableResponseOptionsImpl.java:84)\n\tat com.emmanuelarhu.tests.UsersApiTest.testGetSingleUserByInvalidId(UsersApiTest.java:106)\n\tat java.base/jdk.internal.reflect.DirectMethodHandleAccessor.invoke(DirectMethodHandleAccessor.java:103)\n\tat java.base/java.lang.reflect.Method.invoke(Method.java:580)\n\tat org.testng.internal.invokers.MethodInvocationHelper.invokeMethod(MethodInvocationHelper.java:139)\n\tat org.testng.internal.invokers.TestInvoker.invokeMethod(TestInvoker.java:664)\n\tat org.testng.internal.invokers.TestInvoker.invokeTestMethod(TestInvoker.java:227)\n\tat org.testng.internal.invokers.MethodRunner.runInSequence(MethodRunner.java:50)\n\tat org.testng.internal.invokers.TestInvoker$MethodInvocationAgent.invoke(TestInvoker.java:957)\n\tat org.testng.internal.invokers.TestInvoker.invokeTestMethods(TestInvoker.java:200)\n\tat org.testng.internal.invokers.TestMethodWorker.invokeTestMethods(TestMethodWorker.java:148)\n\tat org.testng.internal.invokers.TestMethodWorker.run(TestMethodWorker.java:128)\n\tat java.base/java.util.ArrayList.forEach(ArrayList.java:1596)\n\tat org.testng.TestRunner.privateRun(TestRunner.java:848)\n\tat org.testng.TestRunner.run(TestRunner.java:621)\n\tat org.testng.SuiteRunner.runTest(SuiteRunner.java:443)\n\tat org.testng.SuiteRunner.runSequentially(SuiteRunner.java:437)\n\tat org.testng.SuiteRunner.privateRun(SuiteRunner.java:397)\n\tat org.testng.SuiteRunner.run(SuiteRunner.java:336)\n\tat org.testng.SuiteRunnerWorker.runSuite(SuiteRunnerWorker.java:52)\n\tat org.testng.SuiteRunnerWorker.run(SuiteRunnerWorker.java:95)\n\tat org.testng.TestNG.runSuitesSequentially(TestNG.java:1280)\n\tat org.testng.TestNG.runSuitesLocally(TestNG.java:1200)\n\tat org.testng.TestNG.runSuites(TestNG.java:1114)\n\tat org.testng.TestNG.run(TestNG.java:1082)\n\tat org.apache.maven.surefire.testng.TestNGExecutor.run(TestNGExecutor.java:155)\n\tat org.apache.maven.surefire.testng.TestNGDirectoryTestSuite.executeMulti(TestNGDirectoryTestSuite.java:169)\n\tat org.apache.maven.surefire.testng.TestNGDirectoryTestSuite.execute(TestNGDirectoryTestSuite.java:88)\n\tat org.apache.maven.surefire.testng.TestNGProvider.invoke(TestNGProvider.java:137)\n\tat org.apache.maven.surefire.booter.ForkedBooter.runSuitesInProcess(ForkedBooter.java:385)\n\tat org.apache.maven.surefire.booter.ForkedBooter.execute(ForkedBooter.java:162)\n\tat org.apache.maven.surefire.booter.ForkedBooter.run(ForkedBooter.java:507)\n\tat org.apache.maven.surefire.booter.ForkedBooter.main(ForkedBooter.java:495)\n","steps":[],"attachments":[{"uid":"b5bd59132fe70c31","name":"Request","source":"b5bd59132fe70c31.html","type":"text/html","size":369},{"uid":"5dcd3009ae461fa8","name":"HTTP/1.1 200 OK","source":"5dcd3009ae461fa8.html","type":"text/html","size":1175}],"parameters":[],"shouldDisplayMessage":true,"stepsCount":0,"attachmentsCount":2,"hasContent":true,"attachmentStep":false},"afterStages":[],"labels":[{"name":"package","value":"com.emmanuelarhu.tests.UsersApiTest"},{"name":"testClass","value":"com.emmanuelarhu.tests.UsersApiTest"},{"name":"testMethod","value":"testGetSingleUserByInvalidId"},{"name":"parentSuite","value":"Surefire suite"},{"name":"suite","value":"Surefire test"},{"name":"subSuite","value":"com.emmanuelarhu.tests.UsersApiTest"},{"name":"host","value":"EMMANUEL-LAPTOP"},{"name":"thread","value":"1497@EMMANUEL-LAPTOP.main(1)"},{"name":"framework","value":"testng"},{"name":"language","value":"java"},{"name":"story","value":"Get Single User"},{"name":"epic","value":"FakeStore API Testing"},{"name":"feature","value":"Users Management"},{"name":"severity","value":"normal"},{"name":"resultFormat","value":"allure2"}],"parameters":[{"name":"arg0","value":"-1"}],"links":[],"hidden":false,"retry":false,"extra":{"severity":"normal","retries":[],"categories":[{"name":"Product defects","matchedStatuses":[]}],"history":{"statistic":{"failed":20,"broken":0,"skipped":0,"passed":0,"unknown":0,"total":20},"items":[{"uid":"a1c4aaa6f9c329b2","reportUrl":"http://172.31.95.175:8080/job/FakeStoreAPI-Tests/59/allure/#testresult/a1c4aaa6f9c329b2","status":"failed","statusDetails":"1 expectation failed.\nExpected status code (<400> or <404> or <403>) but was <200>.\n","time":{"start":1755213162754,"stop":1755213163283,"duration":529}},{"uid":"11bd11bdcfc6dc3a","reportUrl":"http://172.31.95.175:8080/job/FakeStoreAPI-Tests/58/allure/#testresult/11bd11bdcfc6dc3a","status":"failed","statusDetails":"1 expectation failed.\nExpected status code (<400> or <404> or <403>) but was <200>.\n","time":{"start":1755212642851,"stop":1755212643355,"duration":504}},{"uid":"ee041f38669186db","reportUrl":"http://172.31.95.175:8080/job/FakeStoreAPI-Tests/57/allure/#testresult/ee041f38669186db","status":"failed","statusDetails":"1 expectation failed.\nExpected status code (<400> or <404> or <403>) but was <200>.\n","time":{"start":1755210520697,"stop":1755210521059,"duration":362}},{"uid":"e9cb2bb2e601c884","reportUrl":"http://172.31.95.175:8080/job/FakeStoreAPI-Tests/56/allure/#testresult/e9cb2bb2e601c884","status":"failed","statusDetails":"1 expectation failed.\nExpected status code (<400> or <404> or <403>) but was <200>.\n","time":{"start":1755208781427,"stop":1755208781808,"duration":381}},{"uid":"674f8bfa9e1f98fb","reportUrl":"http://172.31.95.175:8080/job/FakeStoreAPI-Tests/55/allure/#testresult/674f8bfa9e1f98fb","status":"failed","statusDetails":"1 expectation failed.\nExpected status code (<400> or <404> or <403>) but was <200>.\n","time":{"start":1755207994248,"stop":1755207994865,"duration":617}},{"uid":"6fcf63d659ca830e","reportUrl":"http://172.31.95.175:8080/job/FakeStoreAPI-Tests/53/allure/#testresult/6fcf63d659ca830e","status":"failed","statusDetails":"1 expectation failed.\nExpected status code (<400> or <404> or <403>) but was <200>.\n","time":{"start":1755207010596,"stop":1755207010969,"duration":373}},{"uid":"6a106411c5e788fd","reportUrl":"http://172.31.95.175:8080/job/FakeStoreAPI-Tests/52/allure/#testresult/6a106411c5e788fd","status":"failed","statusDetails":"1 expectation failed.\nExpected status code (<400> or <404> or <403>) but was <200>.\n","time":{"start":1755205817003,"stop":1755205817451,"duration":448}},{"uid":"539d43faa5b67da5","reportUrl":"http://172.31.95.175:8080/job/FakeStoreAPI-Tests/51/allure/#testresult/539d43faa5b67da5","status":"failed","statusDetails":"1 expectation failed.\nExpected status code (<400> or <404> or <403>) but was <200>.\n","time":{"start":1755190810390,"stop":1755190810885,"duration":495}},{"uid":"c29ed1addf1b99d4","reportUrl":"http://172.31.95.175:8080/job/FakeStoreAPI-Tests/50/allure/#testresult/c29ed1addf1b99d4","status":"failed","statusDetails":"1 expectation failed.\nExpected status code (<400> or <404> or <403>) but was <200>.\n","time":{"start":1755158426281,"stop":1755158426922,"duration":641}},{"uid":"e6b0a36495a01c0c","reportUrl":"http://172.31.95.175:8080/job/FakeStoreAPI-Tests/49/allure/#testresult/e6b0a36495a01c0c","status":"failed","statusDetails":"1 expectation failed.\nExpected status code (<400> or <404> or <403>) but was <200>.\n","time":{"start":1755156709484,"stop":1755156709928,"duration":444}},{"uid":"65d333631377e725","reportUrl":"http://172.31.95.175:8080/job/FakeStoreAPI-Tests/48/allure/#testresult/65d333631377e725","status":"failed","statusDetails":"1 expectation failed.\nExpected status code (<400> or <404> or <403>) but was <200>.\n","time":{"start":1755104757550,"stop":1755104758258,"duration":708}},{"uid":"5c980202c6932e76","reportUrl":"http://172.31.95.175:8080/job/FakeStoreAPI-Tests/47/allure/#testresult/5c980202c6932e76","status":"failed","statusDetails":"1 expectation failed.\nExpected status code (<400> or <404> or <403>) but was <200>.\n","time":{"start":1755096902458,"stop":1755096903100,"duration":642}},{"uid":"f3657620e03ea033","reportUrl":"http://172.31.95.175:8080/job/FakeStoreAPI-Tests/46/allure/#testresult/f3657620e03ea033","status":"failed","statusDetails":"1 expectation failed.\nExpected status code (<400> or <404> or <403>) but was <200>.\n","time":{"start":1755096438694,"stop":1755096439508,"duration":814}},{"uid":"cf6498de953990e2","reportUrl":"http://172.31.95.175:8080/job/FakeStoreAPI-Tests/45/allure/#testresult/cf6498de953990e2","status":"failed","statusDetails":"1 expectation failed.\nExpected status code (<400> or <404> or <403>) but was <200>.\n","time":{"start":1755093151027,"stop":1755093151922,"duration":895}},{"uid":"334ba6d472ecf9e3","reportUrl":"http://172.31.95.175:8080/job/FakeStoreAPI-Tests/44/allure/#testresult/334ba6d472ecf9e3","status":"failed","statusDetails":"1 expectation failed.\nExpected status code (<400> or <404> or <403>) but was <200>.\n","time":{"start":1755089465800,"stop":1755089466516,"duration":716}},{"uid":"261106037dac73d1","reportUrl":"http://172.31.95.175:8080/job/FakeStoreAPI-Tests/43/allure/#testresult/261106037dac73d1","status":"failed","statusDetails":"1 expectation failed.\nExpected status code (<400> or <404> or <403>) but was <200>.\n","time":{"start":1755089399108,"stop":1755089399684,"duration":576}},{"uid":"473c135522fb9051","reportUrl":"http://172.31.95.175:8080/job/FakeStoreAPI-Tests/42/allure/#testresult/473c135522fb9051","status":"failed","statusDetails":"1 expectation failed.\nExpected status code (<400> or <404> or <403>) but was <200>.\n","time":{"start":1755087405440,"stop":1755087406080,"duration":640}},{"uid":"2971d53ce47a590c","reportUrl":"https://0b1ac5d00a7d.ngrok-free.app/job/FakeStoreAPI-Tests/41/allure/#testresult/2971d53ce47a590c","status":"failed","statusDetails":"1 expectation failed.\nExpected status code (<400> or <404> or <403>) but was <200>.\n","time":{"start":1755034930140,"stop":1755034930616,"duration":476}},{"uid":"e6dd57cca11c3e7c","reportUrl":"https://0b1ac5d00a7d.ngrok-free.app/job/FakeStoreAPI-Tests/40/allure/#testresult/e6dd57cca11c3e7c","status":"failed","statusDetails":"1 expectation failed.\nExpected status code (<400> or <404> or <403>) but was <200>.\n","time":{"start":1755034727829,"stop":1755034728419,"duration":590}}]},"tags":[]},"source":"14c12377d9144ab0.json","parameterValues":["-1"]}