{"uid":"162e67c88ec75d67","name":"testCreateCartWithEmptyBody","fullName":"com.emmanuelarhu.tests.CartsApiTest.testCreateCartWithEmptyBody","historyId":"bd74a0dbef21e76b4ed1644d6e9063a6","time":{"start":1755265729137,"stop":1755265729948,"duration":811},"description":"Verify error handling when creating cart with empty request body","descriptionHtml":"<p>Verify error handling when creating cart with empty request body</p>\n","status":"failed","statusMessage":"1 expectation failed.\nExpected status code (<400> or <422> or <403>) but was <201>.\n","statusTrace":"java.lang.AssertionError: 1 expectation failed.\nExpected status code (<400> or <422> or <403>) but was <201>.\n\n\tat java.base/jdk.internal.reflect.DirectConstructorHandleAccessor.newInstance(DirectConstructorHandleAccessor.java:62)\n\tat java.base/java.lang.reflect.Constructor.newInstanceWithCaller(Constructor.java:502)\n\tat java.base/java.lang.reflect.Constructor.newInstance(Constructor.java:486)\n\tat org.codehaus.groovy.reflection.CachedConstructor.invoke(CachedConstructor.java:73)\n\tat org.codehaus.groovy.runtime.callsite.ConstructorSite$ConstructorSiteNoUnwrapNoCoerce.callConstructor(ConstructorSite.java:108)\n\tat org.codehaus.groovy.runtime.callsite.AbstractCallSite.callConstructor(AbstractCallSite.java:277)\n\tat io.restassured.internal.ResponseSpecificationImpl$HamcrestAssertionClosure.validate(ResponseSpecificationImpl.groovy:512)\n\tat io.restassured.internal.ResponseSpecificationImpl$HamcrestAssertionClosure$validate$1.call(Unknown Source)\n\tat io.restassured.internal.ResponseSpecificationImpl.validateResponseIfRequired(ResponseSpecificationImpl.groovy:696)\n\tat io.restassured.internal.ResponseSpecificationImpl.this$2$validateResponseIfRequired(ResponseSpecificationImpl.groovy)\n\tat java.base/jdk.internal.reflect.DirectMethodHandleAccessor.invoke(DirectMethodHandleAccessor.java:103)\n\tat java.base/java.lang.reflect.Method.invoke(Method.java:580)\n\tat org.codehaus.groovy.runtime.callsite.PlainObjectMetaMethodSite.doInvoke(PlainObjectMetaMethodSite.java:43)\n\tat org.codehaus.groovy.runtime.callsite.PogoMetaMethodSite$PogoCachedMethodSiteNoUnwrapNoCoerce.invoke(PogoMetaMethodSite.java:198)\n\tat org.codehaus.groovy.runtime.callsite.PogoMetaMethodSite.callCurrent(PogoMetaMethodSite.java:62)\n\tat org.codehaus.groovy.runtime.callsite.AbstractCallSite.callCurrent(AbstractCallSite.java:185)\n\tat io.restassured.internal.ResponseSpecificationImpl.statusCode(ResponseSpecificationImpl.groovy:135)\n\tat io.restassured.internal.ValidatableResponseOptionsImpl.statusCode(ValidatableResponseOptionsImpl.java:84)\n\tat com.emmanuelarhu.tests.CartsApiTest.testCreateCartWithEmptyBody(CartsApiTest.java:221)\n\tat java.base/jdk.internal.reflect.DirectMethodHandleAccessor.invoke(DirectMethodHandleAccessor.java:103)\n\tat java.base/java.lang.reflect.Method.invoke(Method.java:580)\n\tat org.testng.internal.invokers.MethodInvocationHelper.invokeMethod(MethodInvocationHelper.java:139)\n\tat org.testng.internal.invokers.TestInvoker.invokeMethod(TestInvoker.java:664)\n\tat org.testng.internal.invokers.TestInvoker.invokeTestMethod(TestInvoker.java:227)\n\tat org.testng.internal.invokers.MethodRunner.runInSequence(MethodRunner.java:50)\n\tat org.testng.internal.invokers.TestInvoker$MethodInvocationAgent.invoke(TestInvoker.java:957)\n\tat org.testng.internal.invokers.TestInvoker.invokeTestMethods(TestInvoker.java:200)\n\tat org.testng.internal.invokers.TestMethodWorker.invokeTestMethods(TestMethodWorker.java:148)\n\tat org.testng.internal.invokers.TestMethodWorker.run(TestMethodWorker.java:128)\n\tat java.base/java.util.ArrayList.forEach(ArrayList.java:1596)\n\tat org.testng.TestRunner.privateRun(TestRunner.java:848)\n\tat org.testng.TestRunner.run(TestRunner.java:621)\n\tat org.testng.SuiteRunner.runTest(SuiteRunner.java:443)\n\tat org.testng.SuiteRunner.runSequentially(SuiteRunner.java:437)\n\tat org.testng.SuiteRunner.privateRun(SuiteRunner.java:397)\n\tat org.testng.SuiteRunner.run(SuiteRunner.java:336)\n\tat org.testng.SuiteRunnerWorker.runSuite(SuiteRunnerWorker.java:52)\n\tat org.testng.SuiteRunnerWorker.run(SuiteRunnerWorker.java:95)\n\tat org.testng.TestNG.runSuitesSequentially(TestNG.java:1280)\n\tat org.testng.TestNG.runSuitesLocally(TestNG.java:1200)\n\tat org.testng.TestNG.runSuites(TestNG.java:1114)\n\tat org.testng.TestNG.run(TestNG.java:1082)\n\tat org.apache.maven.surefire.testng.TestNGExecutor.run(TestNGExecutor.java:155)\n\tat org.apache.maven.surefire.testng.TestNGDirectoryTestSuite.executeMulti(TestNGDirectoryTestSuite.java:169)\n\tat org.apache.maven.surefire.testng.TestNGDirectoryTestSuite.execute(TestNGDirectoryTestSuite.java:88)\n\tat org.apache.maven.surefire.testng.TestNGProvider.invoke(TestNGProvider.java:137)\n\tat org.apache.maven.surefire.booter.ForkedBooter.runSuitesInProcess(ForkedBooter.java:385)\n\tat org.apache.maven.surefire.booter.ForkedBooter.execute(ForkedBooter.java:162)\n\tat org.apache.maven.surefire.booter.ForkedBooter.run(ForkedBooter.java:507)\n\tat org.apache.maven.surefire.booter.ForkedBooter.main(ForkedBooter.java:495)\n","flaky":false,"newFailed":false,"newBroken":false,"newPassed":false,"retriesCount":0,"retriesStatusChange":false,"beforeStages":[{"name":"setUp","time":{"start":1755265687700,"stop":1755265688499,"duration":799},"description":"","status":"passed","steps":[],"attachments":[],"parameters":[],"shouldDisplayMessage":false,"stepsCount":0,"attachmentsCount":0,"hasContent":false,"attachmentStep":false},{"name":"beforeMethod","time":{"start":1755265729136,"stop":1755265729136,"duration":0},"description":"","status":"passed","steps":[],"attachments":[],"parameters":[],"shouldDisplayMessage":false,"stepsCount":0,"attachmentsCount":0,"hasContent":false,"attachmentStep":false}],"testStage":{"description":"Verify error handling when creating cart with empty request body","status":"failed","statusMessage":"1 expectation failed.\nExpected status code (<400> or <422> or <403>) but was <201>.\n","statusTrace":"java.lang.AssertionError: 1 expectation failed.\nExpected status code (<400> or <422> or <403>) but was <201>.\n\n\tat java.base/jdk.internal.reflect.DirectConstructorHandleAccessor.newInstance(DirectConstructorHandleAccessor.java:62)\n\tat java.base/java.lang.reflect.Constructor.newInstanceWithCaller(Constructor.java:502)\n\tat java.base/java.lang.reflect.Constructor.newInstance(Constructor.java:486)\n\tat org.codehaus.groovy.reflection.CachedConstructor.invoke(CachedConstructor.java:73)\n\tat org.codehaus.groovy.runtime.callsite.ConstructorSite$ConstructorSiteNoUnwrapNoCoerce.callConstructor(ConstructorSite.java:108)\n\tat org.codehaus.groovy.runtime.callsite.AbstractCallSite.callConstructor(AbstractCallSite.java:277)\n\tat io.restassured.internal.ResponseSpecificationImpl$HamcrestAssertionClosure.validate(ResponseSpecificationImpl.groovy:512)\n\tat io.restassured.internal.ResponseSpecificationImpl$HamcrestAssertionClosure$validate$1.call(Unknown Source)\n\tat io.restassured.internal.ResponseSpecificationImpl.validateResponseIfRequired(ResponseSpecificationImpl.groovy:696)\n\tat io.restassured.internal.ResponseSpecificationImpl.this$2$validateResponseIfRequired(ResponseSpecificationImpl.groovy)\n\tat java.base/jdk.internal.reflect.DirectMethodHandleAccessor.invoke(DirectMethodHandleAccessor.java:103)\n\tat java.base/java.lang.reflect.Method.invoke(Method.java:580)\n\tat org.codehaus.groovy.runtime.callsite.PlainObjectMetaMethodSite.doInvoke(PlainObjectMetaMethodSite.java:43)\n\tat org.codehaus.groovy.runtime.callsite.PogoMetaMethodSite$PogoCachedMethodSiteNoUnwrapNoCoerce.invoke(PogoMetaMethodSite.java:198)\n\tat org.codehaus.groovy.runtime.callsite.PogoMetaMethodSite.callCurrent(PogoMetaMethodSite.java:62)\n\tat org.codehaus.groovy.runtime.callsite.AbstractCallSite.callCurrent(AbstractCallSite.java:185)\n\tat io.restassured.internal.ResponseSpecificationImpl.statusCode(ResponseSpecificationImpl.groovy:135)\n\tat io.restassured.internal.ValidatableResponseOptionsImpl.statusCode(ValidatableResponseOptionsImpl.java:84)\n\tat com.emmanuelarhu.tests.CartsApiTest.testCreateCartWithEmptyBody(CartsApiTest.java:221)\n\tat java.base/jdk.internal.reflect.DirectMethodHandleAccessor.invoke(DirectMethodHandleAccessor.java:103)\n\tat java.base/java.lang.reflect.Method.invoke(Method.java:580)\n\tat org.testng.internal.invokers.MethodInvocationHelper.invokeMethod(MethodInvocationHelper.java:139)\n\tat org.testng.internal.invokers.TestInvoker.invokeMethod(TestInvoker.java:664)\n\tat org.testng.internal.invokers.TestInvoker.invokeTestMethod(TestInvoker.java:227)\n\tat org.testng.internal.invokers.MethodRunner.runInSequence(MethodRunner.java:50)\n\tat org.testng.internal.invokers.TestInvoker$MethodInvocationAgent.invoke(TestInvoker.java:957)\n\tat org.testng.internal.invokers.TestInvoker.invokeTestMethods(TestInvoker.java:200)\n\tat org.testng.internal.invokers.TestMethodWorker.invokeTestMethods(TestMethodWorker.java:148)\n\tat org.testng.internal.invokers.TestMethodWorker.run(TestMethodWorker.java:128)\n\tat java.base/java.util.ArrayList.forEach(ArrayList.java:1596)\n\tat org.testng.TestRunner.privateRun(TestRunner.java:848)\n\tat org.testng.TestRunner.run(TestRunner.java:621)\n\tat org.testng.SuiteRunner.runTest(SuiteRunner.java:443)\n\tat org.testng.SuiteRunner.runSequentially(SuiteRunner.java:437)\n\tat org.testng.SuiteRunner.privateRun(SuiteRunner.java:397)\n\tat org.testng.SuiteRunner.run(SuiteRunner.java:336)\n\tat org.testng.SuiteRunnerWorker.runSuite(SuiteRunnerWorker.java:52)\n\tat org.testng.SuiteRunnerWorker.run(SuiteRunnerWorker.java:95)\n\tat org.testng.TestNG.runSuitesSequentially(TestNG.java:1280)\n\tat org.testng.TestNG.runSuitesLocally(TestNG.java:1200)\n\tat org.testng.TestNG.runSuites(TestNG.java:1114)\n\tat org.testng.TestNG.run(TestNG.java:1082)\n\tat org.apache.maven.surefire.testng.TestNGExecutor.run(TestNGExecutor.java:155)\n\tat org.apache.maven.surefire.testng.TestNGDirectoryTestSuite.executeMulti(TestNGDirectoryTestSuite.java:169)\n\tat org.apache.maven.surefire.testng.TestNGDirectoryTestSuite.execute(TestNGDirectoryTestSuite.java:88)\n\tat org.apache.maven.surefire.testng.TestNGProvider.invoke(TestNGProvider.java:137)\n\tat org.apache.maven.surefire.booter.ForkedBooter.runSuitesInProcess(ForkedBooter.java:385)\n\tat org.apache.maven.surefire.booter.ForkedBooter.execute(ForkedBooter.java:162)\n\tat org.apache.maven.surefire.booter.ForkedBooter.run(ForkedBooter.java:507)\n\tat org.apache.maven.surefire.booter.ForkedBooter.main(ForkedBooter.java:495)\n","steps":[],"attachments":[{"uid":"1a0671fbf7c57039","name":"Request","source":"1a0671fbf7c57039.html","type":"text/html","size":562},{"uid":"93d8739c8ac06a94","name":"HTTP/1.1 201 Created","source":"93d8739c8ac06a94.html","type":"text/html","size":1142}],"parameters":[],"shouldDisplayMessage":true,"stepsCount":0,"attachmentsCount":2,"hasContent":true,"attachmentStep":false},"afterStages":[],"labels":[{"name":"package","value":"com.emmanuelarhu.tests.CartsApiTest"},{"name":"testClass","value":"com.emmanuelarhu.tests.CartsApiTest"},{"name":"testMethod","value":"testCreateCartWithEmptyBody"},{"name":"parentSuite","value":"Surefire suite"},{"name":"suite","value":"Surefire test"},{"name":"subSuite","value":"com.emmanuelarhu.tests.CartsApiTest"},{"name":"host","value":"EMMANUEL-LAPTOP"},{"name":"thread","value":"1497@EMMANUEL-LAPTOP.main(1)"},{"name":"framework","value":"testng"},{"name":"language","value":"java"},{"name":"story","value":"Create Cart"},{"name":"feature","value":"Carts Management"},{"name":"epic","value":"FakeStore API Testing"},{"name":"severity","value":"normal"},{"name":"resultFormat","value":"allure2"}],"parameters":[],"links":[],"hidden":false,"retry":false,"extra":{"severity":"normal","retries":[],"categories":[{"name":"Product defects","matchedStatuses":[]}],"history":{"statistic":{"failed":12,"broken":0,"skipped":0,"passed":0,"unknown":0,"total":12},"items":[{"uid":"7c8146d36571477b","reportUrl":"http://172.31.95.175:8080/job/FakeStoreAPI-Tests/59/allure/#testresult/7c8146d36571477b","status":"failed","statusDetails":"1 expectation failed.\nExpected status code (<400> or <422> or <403>) but was <201>.\n","time":{"start":1755213070583,"stop":1755213071037,"duration":454}},{"uid":"fd871dacaeeda397","reportUrl":"http://172.31.95.175:8080/job/FakeStoreAPI-Tests/58/allure/#testresult/fd871dacaeeda397","status":"failed","statusDetails":"1 expectation failed.\nExpected status code (<400> or <422> or <403>) but was <201>.\n","time":{"start":1755212544877,"stop":1755212545759,"duration":882}},{"uid":"761d94471da3e14f","reportUrl":"http://172.31.95.175:8080/job/FakeStoreAPI-Tests/57/allure/#testresult/761d94471da3e14f","status":"failed","statusDetails":"1 expectation failed.\nExpected status code (<400> or <422> or <403>) but was <201>.\n","time":{"start":1755210454990,"stop":1755210455321,"duration":331}},{"uid":"87a62fbe6aca0bbd","reportUrl":"http://172.31.95.175:8080/job/FakeStoreAPI-Tests/56/allure/#testresult/87a62fbe6aca0bbd","status":"failed","statusDetails":"1 expectation failed.\nExpected status code (<400> or <422> or <403>) but was <201>.\n","time":{"start":1755208706780,"stop":1755208707115,"duration":335}},{"uid":"8a0339c23295267d","reportUrl":"http://172.31.95.175:8080/job/FakeStoreAPI-Tests/55/allure/#testresult/8a0339c23295267d","status":"failed","statusDetails":"1 expectation failed.\nExpected status code (<400> or <422> or <403>) but was <201>.\n","time":{"start":1755207865382,"stop":1755207866099,"duration":717}},{"uid":"f3f13d27a04dd0a6","reportUrl":"http://172.31.95.175:8080/job/FakeStoreAPI-Tests/53/allure/#testresult/f3f13d27a04dd0a6","status":"failed","statusDetails":"1 expectation failed.\nExpected status code (<400> or <422> or <403>) but was <201>.\n","time":{"start":1755206938181,"stop":1755206938496,"duration":315}},{"uid":"a5b3e61fa56d4b56","reportUrl":"http://172.31.95.175:8080/job/FakeStoreAPI-Tests/52/allure/#testresult/a5b3e61fa56d4b56","status":"failed","statusDetails":"1 expectation failed.\nExpected status code (<400> or <422> or <403>) but was <201>.\n","time":{"start":1755205725852,"stop":1755205726250,"duration":398}},{"uid":"95575df32faa9bdf","reportUrl":"http://172.31.95.175:8080/job/FakeStoreAPI-Tests/51/allure/#testresult/95575df32faa9bdf","status":"failed","statusDetails":"1 expectation failed.\nExpected status code (<400> or <422> or <403>) but was <201>.\n","time":{"start":1755190719660,"stop":1755190720294,"duration":634}},{"uid":"11b04da4c8bfedcd","reportUrl":"http://172.31.95.175:8080/job/FakeStoreAPI-Tests/50/allure/#testresult/11b04da4c8bfedcd","status":"failed","statusDetails":"1 expectation failed.\nExpected status code (<400> or <422> or <403>) but was <201>.\n","time":{"start":1755158265482,"stop":1755158265955,"duration":473}},{"uid":"233f91aab9c83197","reportUrl":"http://172.31.95.175:8080/job/FakeStoreAPI-Tests/49/allure/#testresult/233f91aab9c83197","status":"failed","statusDetails":"1 expectation failed.\nExpected status code (<400> or <422> or <403> or <200>) but was <201>.\n","time":{"start":1755156619443,"stop":1755156619909,"duration":466}},{"uid":"a33a35fb840a93c","reportUrl":"http://172.31.95.175:8080/job/FakeStoreAPI-Tests/48/allure/#testresult/a33a35fb840a93c","status":"failed","statusDetails":"1 expectation failed.\nExpected status code (<400> or <422> or <403> or <200>) but was <201>.\n","time":{"start":1755104614395,"stop":1755104614999,"duration":604}}]},"tags":[]},"source":"162e67c88ec75d67.json","parameterValues":[]}