{"uid":"23b079c9c3d63ce5","name":"testCreateUserWithInvalidData","fullName":"com.emmanuelarhu.tests.UsersApiTest.testCreateUserWithInvalidData","historyId":"8b9c6047bce5831ba7648c132a9604ae","time":{"start":1755265938794,"stop":1755265939634,"duration":840},"description":"Verify appropriate error handling when creating user with invalid data","descriptionHtml":"<p>Verify appropriate error handling when creating user with invalid data</p>\n","status":"failed","statusMessage":"1 expectation failed.\nExpected status code (<400> or <422> or <403>) but was <201>.\n","statusTrace":"java.lang.AssertionError: 1 expectation failed.\nExpected status code (<400> or <422> or <403>) but was <201>.\n\n\tat java.base/jdk.internal.reflect.DirectConstructorHandleAccessor.newInstance(DirectConstructorHandleAccessor.java:62)\n\tat java.base/java.lang.reflect.Constructor.newInstanceWithCaller(Constructor.java:502)\n\tat java.base/java.lang.reflect.Constructor.newInstance(Constructor.java:486)\n\tat org.codehaus.groovy.reflection.CachedConstructor.invoke(CachedConstructor.java:73)\n\tat org.codehaus.groovy.runtime.callsite.ConstructorSite$ConstructorSiteNoUnwrapNoCoerce.callConstructor(ConstructorSite.java:108)\n\tat org.codehaus.groovy.runtime.callsite.AbstractCallSite.callConstructor(AbstractCallSite.java:277)\n\tat io.restassured.internal.ResponseSpecificationImpl$HamcrestAssertionClosure.validate(ResponseSpecificationImpl.groovy:512)\n\tat io.restassured.internal.ResponseSpecificationImpl$HamcrestAssertionClosure$validate$1.call(Unknown Source)\n\tat io.restassured.internal.ResponseSpecificationImpl.validateResponseIfRequired(ResponseSpecificationImpl.groovy:696)\n\tat io.restassured.internal.ResponseSpecificationImpl.this$2$validateResponseIfRequired(ResponseSpecificationImpl.groovy)\n\tat java.base/jdk.internal.reflect.DirectMethodHandleAccessor.invoke(DirectMethodHandleAccessor.java:103)\n\tat java.base/java.lang.reflect.Method.invoke(Method.java:580)\n\tat org.codehaus.groovy.runtime.callsite.PlainObjectMetaMethodSite.doInvoke(PlainObjectMetaMethodSite.java:43)\n\tat org.codehaus.groovy.runtime.callsite.PogoMetaMethodSite$PogoCachedMethodSiteNoUnwrapNoCoerce.invoke(PogoMetaMethodSite.java:198)\n\tat org.codehaus.groovy.runtime.callsite.PogoMetaMethodSite.callCurrent(PogoMetaMethodSite.java:62)\n\tat org.codehaus.groovy.runtime.callsite.AbstractCallSite.callCurrent(AbstractCallSite.java:185)\n\tat io.restassured.internal.ResponseSpecificationImpl.statusCode(ResponseSpecificationImpl.groovy:135)\n\tat io.restassured.internal.ValidatableResponseOptionsImpl.statusCode(ValidatableResponseOptionsImpl.java:84)\n\tat com.emmanuelarhu.tests.UsersApiTest.testCreateUserWithInvalidData(UsersApiTest.java:201)\n\tat java.base/jdk.internal.reflect.DirectMethodHandleAccessor.invoke(DirectMethodHandleAccessor.java:103)\n\tat java.base/java.lang.reflect.Method.invoke(Method.java:580)\n\tat org.testng.internal.invokers.MethodInvocationHelper.invokeMethod(MethodInvocationHelper.java:139)\n\tat org.testng.internal.invokers.TestInvoker.invokeMethod(TestInvoker.java:664)\n\tat org.testng.internal.invokers.TestInvoker.invokeTestMethod(TestInvoker.java:227)\n\tat org.testng.internal.invokers.MethodRunner.runInSequence(MethodRunner.java:50)\n\tat org.testng.internal.invokers.TestInvoker$MethodInvocationAgent.invoke(TestInvoker.java:957)\n\tat org.testng.internal.invokers.TestInvoker.invokeTestMethods(TestInvoker.java:200)\n\tat org.testng.internal.invokers.TestMethodWorker.invokeTestMethods(TestMethodWorker.java:148)\n\tat org.testng.internal.invokers.TestMethodWorker.run(TestMethodWorker.java:128)\n\tat java.base/java.util.ArrayList.forEach(ArrayList.java:1596)\n\tat org.testng.TestRunner.privateRun(TestRunner.java:848)\n\tat org.testng.TestRunner.run(TestRunner.java:621)\n\tat org.testng.SuiteRunner.runTest(SuiteRunner.java:443)\n\tat org.testng.SuiteRunner.runSequentially(SuiteRunner.java:437)\n\tat org.testng.SuiteRunner.privateRun(SuiteRunner.java:397)\n\tat org.testng.SuiteRunner.run(SuiteRunner.java:336)\n\tat org.testng.SuiteRunnerWorker.runSuite(SuiteRunnerWorker.java:52)\n\tat org.testng.SuiteRunnerWorker.run(SuiteRunnerWorker.java:95)\n\tat org.testng.TestNG.runSuitesSequentially(TestNG.java:1280)\n\tat org.testng.TestNG.runSuitesLocally(TestNG.java:1200)\n\tat org.testng.TestNG.runSuites(TestNG.java:1114)\n\tat org.testng.TestNG.run(TestNG.java:1082)\n\tat org.apache.maven.surefire.testng.TestNGExecutor.run(TestNGExecutor.java:155)\n\tat org.apache.maven.surefire.testng.TestNGDirectoryTestSuite.executeMulti(TestNGDirectoryTestSuite.java:169)\n\tat org.apache.maven.surefire.testng.TestNGDirectoryTestSuite.execute(TestNGDirectoryTestSuite.java:88)\n\tat org.apache.maven.surefire.testng.TestNGProvider.invoke(TestNGProvider.java:137)\n\tat org.apache.maven.surefire.booter.ForkedBooter.runSuitesInProcess(ForkedBooter.java:385)\n\tat org.apache.maven.surefire.booter.ForkedBooter.execute(ForkedBooter.java:162)\n\tat org.apache.maven.surefire.booter.ForkedBooter.run(ForkedBooter.java:507)\n\tat org.apache.maven.surefire.booter.ForkedBooter.main(ForkedBooter.java:495)\n","flaky":false,"newFailed":false,"newBroken":false,"newPassed":false,"retriesCount":0,"retriesStatusChange":false,"beforeStages":[{"name":"setUp","time":{"start":1755265920091,"stop":1755265920091,"duration":0},"description":"","status":"passed","steps":[],"attachments":[],"parameters":[],"shouldDisplayMessage":false,"stepsCount":0,"attachmentsCount":0,"hasContent":false,"attachmentStep":false},{"name":"beforeMethod","time":{"start":1755265938793,"stop":1755265938793,"duration":0},"description":"","status":"passed","steps":[],"attachments":[],"parameters":[],"shouldDisplayMessage":false,"stepsCount":0,"attachmentsCount":0,"hasContent":false,"attachmentStep":false}],"testStage":{"description":"Verify appropriate error handling when creating user with invalid data","status":"failed","statusMessage":"1 expectation failed.\nExpected status code (<400> or <422> or <403>) but was <201>.\n","statusTrace":"java.lang.AssertionError: 1 expectation failed.\nExpected status code (<400> or <422> or <403>) but was <201>.\n\n\tat java.base/jdk.internal.reflect.DirectConstructorHandleAccessor.newInstance(DirectConstructorHandleAccessor.java:62)\n\tat java.base/java.lang.reflect.Constructor.newInstanceWithCaller(Constructor.java:502)\n\tat java.base/java.lang.reflect.Constructor.newInstance(Constructor.java:486)\n\tat org.codehaus.groovy.reflection.CachedConstructor.invoke(CachedConstructor.java:73)\n\tat org.codehaus.groovy.runtime.callsite.ConstructorSite$ConstructorSiteNoUnwrapNoCoerce.callConstructor(ConstructorSite.java:108)\n\tat org.codehaus.groovy.runtime.callsite.AbstractCallSite.callConstructor(AbstractCallSite.java:277)\n\tat io.restassured.internal.ResponseSpecificationImpl$HamcrestAssertionClosure.validate(ResponseSpecificationImpl.groovy:512)\n\tat io.restassured.internal.ResponseSpecificationImpl$HamcrestAssertionClosure$validate$1.call(Unknown Source)\n\tat io.restassured.internal.ResponseSpecificationImpl.validateResponseIfRequired(ResponseSpecificationImpl.groovy:696)\n\tat io.restassured.internal.ResponseSpecificationImpl.this$2$validateResponseIfRequired(ResponseSpecificationImpl.groovy)\n\tat java.base/jdk.internal.reflect.DirectMethodHandleAccessor.invoke(DirectMethodHandleAccessor.java:103)\n\tat java.base/java.lang.reflect.Method.invoke(Method.java:580)\n\tat org.codehaus.groovy.runtime.callsite.PlainObjectMetaMethodSite.doInvoke(PlainObjectMetaMethodSite.java:43)\n\tat org.codehaus.groovy.runtime.callsite.PogoMetaMethodSite$PogoCachedMethodSiteNoUnwrapNoCoerce.invoke(PogoMetaMethodSite.java:198)\n\tat org.codehaus.groovy.runtime.callsite.PogoMetaMethodSite.callCurrent(PogoMetaMethodSite.java:62)\n\tat org.codehaus.groovy.runtime.callsite.AbstractCallSite.callCurrent(AbstractCallSite.java:185)\n\tat io.restassured.internal.ResponseSpecificationImpl.statusCode(ResponseSpecificationImpl.groovy:135)\n\tat io.restassured.internal.ValidatableResponseOptionsImpl.statusCode(ValidatableResponseOptionsImpl.java:84)\n\tat com.emmanuelarhu.tests.UsersApiTest.testCreateUserWithInvalidData(UsersApiTest.java:201)\n\tat java.base/jdk.internal.reflect.DirectMethodHandleAccessor.invoke(DirectMethodHandleAccessor.java:103)\n\tat java.base/java.lang.reflect.Method.invoke(Method.java:580)\n\tat org.testng.internal.invokers.MethodInvocationHelper.invokeMethod(MethodInvocationHelper.java:139)\n\tat org.testng.internal.invokers.TestInvoker.invokeMethod(TestInvoker.java:664)\n\tat org.testng.internal.invokers.TestInvoker.invokeTestMethod(TestInvoker.java:227)\n\tat org.testng.internal.invokers.MethodRunner.runInSequence(MethodRunner.java:50)\n\tat org.testng.internal.invokers.TestInvoker$MethodInvocationAgent.invoke(TestInvoker.java:957)\n\tat org.testng.internal.invokers.TestInvoker.invokeTestMethods(TestInvoker.java:200)\n\tat org.testng.internal.invokers.TestMethodWorker.invokeTestMethods(TestMethodWorker.java:148)\n\tat org.testng.internal.invokers.TestMethodWorker.run(TestMethodWorker.java:128)\n\tat java.base/java.util.ArrayList.forEach(ArrayList.java:1596)\n\tat org.testng.TestRunner.privateRun(TestRunner.java:848)\n\tat org.testng.TestRunner.run(TestRunner.java:621)\n\tat org.testng.SuiteRunner.runTest(SuiteRunner.java:443)\n\tat org.testng.SuiteRunner.runSequentially(SuiteRunner.java:437)\n\tat org.testng.SuiteRunner.privateRun(SuiteRunner.java:397)\n\tat org.testng.SuiteRunner.run(SuiteRunner.java:336)\n\tat org.testng.SuiteRunnerWorker.runSuite(SuiteRunnerWorker.java:52)\n\tat org.testng.SuiteRunnerWorker.run(SuiteRunnerWorker.java:95)\n\tat org.testng.TestNG.runSuitesSequentially(TestNG.java:1280)\n\tat org.testng.TestNG.runSuitesLocally(TestNG.java:1200)\n\tat org.testng.TestNG.runSuites(TestNG.java:1114)\n\tat org.testng.TestNG.run(TestNG.java:1082)\n\tat org.apache.maven.surefire.testng.TestNGExecutor.run(TestNGExecutor.java:155)\n\tat org.apache.maven.surefire.testng.TestNGDirectoryTestSuite.executeMulti(TestNGDirectoryTestSuite.java:169)\n\tat org.apache.maven.surefire.testng.TestNGDirectoryTestSuite.execute(TestNGDirectoryTestSuite.java:88)\n\tat org.apache.maven.surefire.testng.TestNGProvider.invoke(TestNGProvider.java:137)\n\tat org.apache.maven.surefire.booter.ForkedBooter.runSuitesInProcess(ForkedBooter.java:385)\n\tat org.apache.maven.surefire.booter.ForkedBooter.execute(ForkedBooter.java:162)\n\tat org.apache.maven.surefire.booter.ForkedBooter.run(ForkedBooter.java:507)\n\tat org.apache.maven.surefire.booter.ForkedBooter.main(ForkedBooter.java:495)\n","steps":[],"attachments":[{"uid":"ca7bbbdd8f83a764","name":"Request","source":"ca7bbbdd8f83a764.html","type":"text/html","size":874},{"uid":"efe2b0feb6686012","name":"HTTP/1.1 201 Created","source":"efe2b0feb6686012.html","type":"text/html","size":1144}],"parameters":[],"shouldDisplayMessage":true,"stepsCount":0,"attachmentsCount":2,"hasContent":true,"attachmentStep":false},"afterStages":[],"labels":[{"name":"package","value":"com.emmanuelarhu.tests.UsersApiTest"},{"name":"testClass","value":"com.emmanuelarhu.tests.UsersApiTest"},{"name":"testMethod","value":"testCreateUserWithInvalidData"},{"name":"parentSuite","value":"Surefire suite"},{"name":"suite","value":"Surefire test"},{"name":"subSuite","value":"com.emmanuelarhu.tests.UsersApiTest"},{"name":"host","value":"EMMANUEL-LAPTOP"},{"name":"thread","value":"1497@EMMANUEL-LAPTOP.main(1)"},{"name":"framework","value":"testng"},{"name":"language","value":"java"},{"name":"story","value":"Create User"},{"name":"epic","value":"FakeStore API Testing"},{"name":"feature","value":"Users Management"},{"name":"severity","value":"normal"},{"name":"resultFormat","value":"allure2"}],"parameters":[{"name":"arg0","value":"User{id=null, username='null', email='test@example.com', password='password123'}"},{"name":"arg1","value":"username"}],"links":[],"hidden":false,"retry":false,"extra":{"severity":"normal","retries":[],"categories":[{"name":"Product defects","matchedStatuses":[]}],"history":{"statistic":{"failed":20,"broken":0,"skipped":0,"passed":0,"unknown":0,"total":20},"items":[{"uid":"981d9777a50c2a60","reportUrl":"http://172.31.95.175:8080/job/FakeStoreAPI-Tests/59/allure/#testresult/981d9777a50c2a60","status":"failed","statusDetails":"1 expectation failed.\nExpected status code (<400> or <422> or <403>) but was <201>.\n","time":{"start":1755213176040,"stop":1755213176639,"duration":599}},{"uid":"fce0148cc0d1e0f2","reportUrl":"http://172.31.95.175:8080/job/FakeStoreAPI-Tests/58/allure/#testresult/fce0148cc0d1e0f2","status":"failed","statusDetails":"1 expectation failed.\nExpected status code (<400> or <422> or <403>) but was <201>.\n","time":{"start":1755212656001,"stop":1755212656638,"duration":637}},{"uid":"9b487953e5d5747","reportUrl":"http://172.31.95.175:8080/job/FakeStoreAPI-Tests/57/allure/#testresult/9b487953e5d5747","status":"failed","statusDetails":"1 expectation failed.\nExpected status code (<400> or <422> or <403>) but was <201>.\n","time":{"start":1755210527412,"stop":1755210527829,"duration":417}},{"uid":"46a19556bd0c1914","reportUrl":"http://172.31.95.175:8080/job/FakeStoreAPI-Tests/56/allure/#testresult/46a19556bd0c1914","status":"failed","statusDetails":"1 expectation failed.\nExpected status code (<400> or <422> or <403>) but was <201>.\n","time":{"start":1755208792384,"stop":1755208792794,"duration":410}},{"uid":"c230a93e8dd1173c","reportUrl":"http://172.31.95.175:8080/job/FakeStoreAPI-Tests/55/allure/#testresult/c230a93e8dd1173c","status":"failed","statusDetails":"1 expectation failed.\nExpected status code (<400> or <422> or <403>) but was <201>.\n","time":{"start":1755208007519,"stop":1755208008390,"duration":871}},{"uid":"810df1752127264","reportUrl":"http://172.31.95.175:8080/job/FakeStoreAPI-Tests/53/allure/#testresult/810df1752127264","status":"failed","statusDetails":"1 expectation failed.\nExpected status code (<400> or <422> or <403>) but was <201>.\n","time":{"start":1755207020462,"stop":1755207020884,"duration":422}},{"uid":"e189f5c35ce987df","reportUrl":"http://172.31.95.175:8080/job/FakeStoreAPI-Tests/52/allure/#testresult/e189f5c35ce987df","status":"failed","statusDetails":"1 expectation failed.\nExpected status code (<400> or <422> or <403>) but was <201>.\n","time":{"start":1755205827615,"stop":1755205828357,"duration":742}},{"uid":"b1d271bce399ab88","reportUrl":"http://172.31.95.175:8080/job/FakeStoreAPI-Tests/51/allure/#testresult/b1d271bce399ab88","status":"failed","statusDetails":"1 expectation failed.\nExpected status code (<400> or <422> or <403>) but was <201>.\n","time":{"start":1755190820084,"stop":1755190820593,"duration":509}},{"uid":"516f975b55b074df","reportUrl":"http://172.31.95.175:8080/job/FakeStoreAPI-Tests/50/allure/#testresult/516f975b55b074df","status":"failed","statusDetails":"1 expectation failed.\nExpected status code (<400> or <422> or <403>) but was <201>.\n","time":{"start":1755158441939,"stop":1755158442766,"duration":827}},{"uid":"4286986db7becfc2","reportUrl":"http://172.31.95.175:8080/job/FakeStoreAPI-Tests/49/allure/#testresult/4286986db7becfc2","status":"failed","statusDetails":"1 expectation failed.\nExpected status code (<400> or <422> or <403> or <200>) but was <201>.\n","time":{"start":1755156718680,"stop":1755156719199,"duration":519}},{"uid":"4dad33cbd98ed335","reportUrl":"http://172.31.95.175:8080/job/FakeStoreAPI-Tests/48/allure/#testresult/4dad33cbd98ed335","status":"failed","statusDetails":"1 expectation failed.\nExpected status code (<400> or <422> or <403> or <200>) but was <201>.\n","time":{"start":1755104770006,"stop":1755104770765,"duration":759}},{"uid":"b98be786aad96f47","reportUrl":"http://172.31.95.175:8080/job/FakeStoreAPI-Tests/47/allure/#testresult/b98be786aad96f47","status":"failed","statusDetails":"1 expectation failed.\nExpected status code (<400> or <422> or <403> or <200>) but was <201>.\n","time":{"start":1755096916894,"stop":1755096917684,"duration":790}},{"uid":"16438da01ec7ca1b","reportUrl":"http://172.31.95.175:8080/job/FakeStoreAPI-Tests/46/allure/#testresult/16438da01ec7ca1b","status":"failed","statusDetails":"1 expectation failed.\nExpected status code (<400> or <422> or <403> or <200>) but was <201>.\n","time":{"start":1755096454430,"stop":1755096454979,"duration":549}},{"uid":"b4cbf156d6847001","reportUrl":"http://172.31.95.175:8080/job/FakeStoreAPI-Tests/45/allure/#testresult/b4cbf156d6847001","status":"failed","statusDetails":"1 expectation failed.\nExpected status code (<400> or <422> or <403> or <200>) but was <201>.\n","time":{"start":1755093166114,"stop":1755093167124,"duration":1010}},{"uid":"906d65ee43d6812b","reportUrl":"http://172.31.95.175:8080/job/FakeStoreAPI-Tests/44/allure/#testresult/906d65ee43d6812b","status":"failed","statusDetails":"1 expectation failed.\nExpected status code (<400> or <422> or <403> or <200>) but was <201>.\n","time":{"start":1755089479845,"stop":1755089480496,"duration":651}},{"uid":"cb2a43329c401971","reportUrl":"http://172.31.95.175:8080/job/FakeStoreAPI-Tests/43/allure/#testresult/cb2a43329c401971","status":"failed","statusDetails":"1 expectation failed.\nExpected status code (<400> or <422> or <403> or <200>) but was <201>.\n","time":{"start":1755089411630,"stop":1755089412202,"duration":572}},{"uid":"59620166e81c73a2","reportUrl":"http://172.31.95.175:8080/job/FakeStoreAPI-Tests/42/allure/#testresult/59620166e81c73a2","status":"failed","statusDetails":"1 expectation failed.\nExpected status code (<400> or <422> or <403> or <200>) but was <201>.\n","time":{"start":1755087417698,"stop":1755087418331,"duration":633}},{"uid":"278b2ddcba5e7f21","reportUrl":"https://0b1ac5d00a7d.ngrok-free.app/job/FakeStoreAPI-Tests/41/allure/#testresult/278b2ddcba5e7f21","status":"failed","statusDetails":"1 expectation failed.\nExpected status code (<400> or <422> or <403> or <200>) but was <201>.\n","time":{"start":1755034939994,"stop":1755034940513,"duration":519}},{"uid":"952b56bf7b0c632","reportUrl":"https://0b1ac5d00a7d.ngrok-free.app/job/FakeStoreAPI-Tests/40/allure/#testresult/952b56bf7b0c632","status":"failed","statusDetails":"1 expectation failed.\nExpected status code (<400> or <422> or <403> or <200>) but was <201>.\n","time":{"start":1755034739393,"stop":1755034739845,"duration":452}}]},"tags":[]},"source":"23b079c9c3d63ce5.json","parameterValues":["User{id=null, username='null', email='test@example.com', password='password123'}","username"]}