{"uid":"30eea486e7a4203f","name":"testGetSingleUserByInvalidId","fullName":"com.emmanuelarhu.tests.UsersApiTest.testGetSingleUserByInvalidId","historyId":"4b2329fff66da3e5bd6e3283e568b0b9","time":{"start":1755265927464,"stop":1755265931048,"duration":3584},"description":"Verify appropriate error handling for invalid user IDs","descriptionHtml":"<p>Verify appropriate error handling for invalid user IDs</p>\n","status":"failed","statusMessage":"1 expectation failed.\nExpected status code (<400> or <404> or <403>) but was <200>.\n","statusTrace":"java.lang.AssertionError: 1 expectation failed.\nExpected status code (<400> or <404> or <403>) but was <200>.\n\n\tat java.base/jdk.internal.reflect.DirectConstructorHandleAccessor.newInstance(DirectConstructorHandleAccessor.java:62)\n\tat java.base/java.lang.reflect.Constructor.newInstanceWithCaller(Constructor.java:502)\n\tat java.base/java.lang.reflect.Constructor.newInstance(Constructor.java:486)\n\tat org.codehaus.groovy.reflection.CachedConstructor.invoke(CachedConstructor.java:73)\n\tat org.codehaus.groovy.runtime.callsite.ConstructorSite$ConstructorSiteNoUnwrapNoCoerce.callConstructor(ConstructorSite.java:108)\n\tat org.codehaus.groovy.runtime.callsite.AbstractCallSite.callConstructor(AbstractCallSite.java:277)\n\tat io.restassured.internal.ResponseSpecificationImpl$HamcrestAssertionClosure.validate(ResponseSpecificationImpl.groovy:512)\n\tat io.restassured.internal.ResponseSpecificationImpl$HamcrestAssertionClosure$validate$1.call(Unknown Source)\n\tat io.restassured.internal.ResponseSpecificationImpl.validateResponseIfRequired(ResponseSpecificationImpl.groovy:696)\n\tat io.restassured.internal.ResponseSpecificationImpl.this$2$validateResponseIfRequired(ResponseSpecificationImpl.groovy)\n\tat java.base/jdk.internal.reflect.DirectMethodHandleAccessor.invoke(DirectMethodHandleAccessor.java:103)\n\tat java.base/java.lang.reflect.Method.invoke(Method.java:580)\n\tat org.codehaus.groovy.runtime.callsite.PlainObjectMetaMethodSite.doInvoke(PlainObjectMetaMethodSite.java:43)\n\tat org.codehaus.groovy.runtime.callsite.PogoMetaMethodSite$PogoCachedMethodSiteNoUnwrapNoCoerce.invoke(PogoMetaMethodSite.java:198)\n\tat org.codehaus.groovy.runtime.callsite.PogoMetaMethodSite.callCurrent(PogoMetaMethodSite.java:62)\n\tat org.codehaus.groovy.runtime.callsite.AbstractCallSite.callCurrent(AbstractCallSite.java:185)\n\tat io.restassured.internal.ResponseSpecificationImpl.statusCode(ResponseSpecificationImpl.groovy:135)\n\tat io.restassured.internal.ValidatableResponseOptionsImpl.statusCode(ValidatableResponseOptionsImpl.java:84)\n\tat com.emmanuelarhu.tests.UsersApiTest.testGetSingleUserByInvalidId(UsersApiTest.java:106)\n\tat java.base/jdk.internal.reflect.DirectMethodHandleAccessor.invoke(DirectMethodHandleAccessor.java:103)\n\tat java.base/java.lang.reflect.Method.invoke(Method.java:580)\n\tat org.testng.internal.invokers.MethodInvocationHelper.invokeMethod(MethodInvocationHelper.java:139)\n\tat org.testng.internal.invokers.TestInvoker.invokeMethod(TestInvoker.java:664)\n\tat org.testng.internal.invokers.TestInvoker.invokeTestMethod(TestInvoker.java:227)\n\tat org.testng.internal.invokers.MethodRunner.runInSequence(MethodRunner.java:50)\n\tat org.testng.internal.invokers.TestInvoker$MethodInvocationAgent.invoke(TestInvoker.java:957)\n\tat org.testng.internal.invokers.TestInvoker.invokeTestMethods(TestInvoker.java:200)\n\tat org.testng.internal.invokers.TestMethodWorker.invokeTestMethods(TestMethodWorker.java:148)\n\tat org.testng.internal.invokers.TestMethodWorker.run(TestMethodWorker.java:128)\n\tat java.base/java.util.ArrayList.forEach(ArrayList.java:1596)\n\tat org.testng.TestRunner.privateRun(TestRunner.java:848)\n\tat org.testng.TestRunner.run(TestRunner.java:621)\n\tat org.testng.SuiteRunner.runTest(SuiteRunner.java:443)\n\tat org.testng.SuiteRunner.runSequentially(SuiteRunner.java:437)\n\tat org.testng.SuiteRunner.privateRun(SuiteRunner.java:397)\n\tat org.testng.SuiteRunner.run(SuiteRunner.java:336)\n\tat org.testng.SuiteRunnerWorker.runSuite(SuiteRunnerWorker.java:52)\n\tat org.testng.SuiteRunnerWorker.run(SuiteRunnerWorker.java:95)\n\tat org.testng.TestNG.runSuitesSequentially(TestNG.java:1280)\n\tat org.testng.TestNG.runSuitesLocally(TestNG.java:1200)\n\tat org.testng.TestNG.runSuites(TestNG.java:1114)\n\tat org.testng.TestNG.run(TestNG.java:1082)\n\tat org.apache.maven.surefire.testng.TestNGExecutor.run(TestNGExecutor.java:155)\n\tat org.apache.maven.surefire.testng.TestNGDirectoryTestSuite.executeMulti(TestNGDirectoryTestSuite.java:169)\n\tat org.apache.maven.surefire.testng.TestNGDirectoryTestSuite.execute(TestNGDirectoryTestSuite.java:88)\n\tat org.apache.maven.surefire.testng.TestNGProvider.invoke(TestNGProvider.java:137)\n\tat org.apache.maven.surefire.booter.ForkedBooter.runSuitesInProcess(ForkedBooter.java:385)\n\tat org.apache.maven.surefire.booter.ForkedBooter.execute(ForkedBooter.java:162)\n\tat org.apache.maven.surefire.booter.ForkedBooter.run(ForkedBooter.java:507)\n\tat org.apache.maven.surefire.booter.ForkedBooter.main(ForkedBooter.java:495)\n","flaky":false,"newFailed":false,"newBroken":false,"newPassed":false,"retriesCount":0,"retriesStatusChange":false,"beforeStages":[{"name":"setUp","time":{"start":1755265920091,"stop":1755265920091,"duration":0},"description":"","status":"passed","steps":[],"attachments":[],"parameters":[],"shouldDisplayMessage":false,"stepsCount":0,"attachmentsCount":0,"hasContent":false,"attachmentStep":false},{"name":"beforeMethod","time":{"start":1755265927462,"stop":1755265927462,"duration":0},"description":"","status":"passed","steps":[],"attachments":[],"parameters":[],"shouldDisplayMessage":false,"stepsCount":0,"attachmentsCount":0,"hasContent":false,"attachmentStep":false}],"testStage":{"description":"Verify appropriate error handling for invalid user IDs","status":"failed","statusMessage":"1 expectation failed.\nExpected status code (<400> or <404> or <403>) but was <200>.\n","statusTrace":"java.lang.AssertionError: 1 expectation failed.\nExpected status code (<400> or <404> or <403>) but was <200>.\n\n\tat java.base/jdk.internal.reflect.DirectConstructorHandleAccessor.newInstance(DirectConstructorHandleAccessor.java:62)\n\tat java.base/java.lang.reflect.Constructor.newInstanceWithCaller(Constructor.java:502)\n\tat java.base/java.lang.reflect.Constructor.newInstance(Constructor.java:486)\n\tat org.codehaus.groovy.reflection.CachedConstructor.invoke(CachedConstructor.java:73)\n\tat org.codehaus.groovy.runtime.callsite.ConstructorSite$ConstructorSiteNoUnwrapNoCoerce.callConstructor(ConstructorSite.java:108)\n\tat org.codehaus.groovy.runtime.callsite.AbstractCallSite.callConstructor(AbstractCallSite.java:277)\n\tat io.restassured.internal.ResponseSpecificationImpl$HamcrestAssertionClosure.validate(ResponseSpecificationImpl.groovy:512)\n\tat io.restassured.internal.ResponseSpecificationImpl$HamcrestAssertionClosure$validate$1.call(Unknown Source)\n\tat io.restassured.internal.ResponseSpecificationImpl.validateResponseIfRequired(ResponseSpecificationImpl.groovy:696)\n\tat io.restassured.internal.ResponseSpecificationImpl.this$2$validateResponseIfRequired(ResponseSpecificationImpl.groovy)\n\tat java.base/jdk.internal.reflect.DirectMethodHandleAccessor.invoke(DirectMethodHandleAccessor.java:103)\n\tat java.base/java.lang.reflect.Method.invoke(Method.java:580)\n\tat org.codehaus.groovy.runtime.callsite.PlainObjectMetaMethodSite.doInvoke(PlainObjectMetaMethodSite.java:43)\n\tat org.codehaus.groovy.runtime.callsite.PogoMetaMethodSite$PogoCachedMethodSiteNoUnwrapNoCoerce.invoke(PogoMetaMethodSite.java:198)\n\tat org.codehaus.groovy.runtime.callsite.PogoMetaMethodSite.callCurrent(PogoMetaMethodSite.java:62)\n\tat org.codehaus.groovy.runtime.callsite.AbstractCallSite.callCurrent(AbstractCallSite.java:185)\n\tat io.restassured.internal.ResponseSpecificationImpl.statusCode(ResponseSpecificationImpl.groovy:135)\n\tat io.restassured.internal.ValidatableResponseOptionsImpl.statusCode(ValidatableResponseOptionsImpl.java:84)\n\tat com.emmanuelarhu.tests.UsersApiTest.testGetSingleUserByInvalidId(UsersApiTest.java:106)\n\tat java.base/jdk.internal.reflect.DirectMethodHandleAccessor.invoke(DirectMethodHandleAccessor.java:103)\n\tat java.base/java.lang.reflect.Method.invoke(Method.java:580)\n\tat org.testng.internal.invokers.MethodInvocationHelper.invokeMethod(MethodInvocationHelper.java:139)\n\tat org.testng.internal.invokers.TestInvoker.invokeMethod(TestInvoker.java:664)\n\tat org.testng.internal.invokers.TestInvoker.invokeTestMethod(TestInvoker.java:227)\n\tat org.testng.internal.invokers.MethodRunner.runInSequence(MethodRunner.java:50)\n\tat org.testng.internal.invokers.TestInvoker$MethodInvocationAgent.invoke(TestInvoker.java:957)\n\tat org.testng.internal.invokers.TestInvoker.invokeTestMethods(TestInvoker.java:200)\n\tat org.testng.internal.invokers.TestMethodWorker.invokeTestMethods(TestMethodWorker.java:148)\n\tat org.testng.internal.invokers.TestMethodWorker.run(TestMethodWorker.java:128)\n\tat java.base/java.util.ArrayList.forEach(ArrayList.java:1596)\n\tat org.testng.TestRunner.privateRun(TestRunner.java:848)\n\tat org.testng.TestRunner.run(TestRunner.java:621)\n\tat org.testng.SuiteRunner.runTest(SuiteRunner.java:443)\n\tat org.testng.SuiteRunner.runSequentially(SuiteRunner.java:437)\n\tat org.testng.SuiteRunner.privateRun(SuiteRunner.java:397)\n\tat org.testng.SuiteRunner.run(SuiteRunner.java:336)\n\tat org.testng.SuiteRunnerWorker.runSuite(SuiteRunnerWorker.java:52)\n\tat org.testng.SuiteRunnerWorker.run(SuiteRunnerWorker.java:95)\n\tat org.testng.TestNG.runSuitesSequentially(TestNG.java:1280)\n\tat org.testng.TestNG.runSuitesLocally(TestNG.java:1200)\n\tat org.testng.TestNG.runSuites(TestNG.java:1114)\n\tat org.testng.TestNG.run(TestNG.java:1082)\n\tat org.apache.maven.surefire.testng.TestNGExecutor.run(TestNGExecutor.java:155)\n\tat org.apache.maven.surefire.testng.TestNGDirectoryTestSuite.executeMulti(TestNGDirectoryTestSuite.java:169)\n\tat org.apache.maven.surefire.testng.TestNGDirectoryTestSuite.execute(TestNGDirectoryTestSuite.java:88)\n\tat org.apache.maven.surefire.testng.TestNGProvider.invoke(TestNGProvider.java:137)\n\tat org.apache.maven.surefire.booter.ForkedBooter.runSuitesInProcess(ForkedBooter.java:385)\n\tat org.apache.maven.surefire.booter.ForkedBooter.execute(ForkedBooter.java:162)\n\tat org.apache.maven.surefire.booter.ForkedBooter.run(ForkedBooter.java:507)\n\tat org.apache.maven.surefire.booter.ForkedBooter.main(ForkedBooter.java:495)\n","steps":[],"attachments":[{"uid":"42ffed6f1c32c844","name":"Request","source":"42ffed6f1c32c844.html","type":"text/html","size":385},{"uid":"f3e4780aeb950211","name":"HTTP/1.1 200 OK","source":"f3e4780aeb950211.html","type":"text/html","size":1169}],"parameters":[],"shouldDisplayMessage":true,"stepsCount":0,"attachmentsCount":2,"hasContent":true,"attachmentStep":false},"afterStages":[],"labels":[{"name":"package","value":"com.emmanuelarhu.tests.UsersApiTest"},{"name":"testClass","value":"com.emmanuelarhu.tests.UsersApiTest"},{"name":"testMethod","value":"testGetSingleUserByInvalidId"},{"name":"parentSuite","value":"Surefire suite"},{"name":"suite","value":"Surefire test"},{"name":"subSuite","value":"com.emmanuelarhu.tests.UsersApiTest"},{"name":"host","value":"EMMANUEL-LAPTOP"},{"name":"thread","value":"1497@EMMANUEL-LAPTOP.main(1)"},{"name":"framework","value":"testng"},{"name":"language","value":"java"},{"name":"story","value":"Get Single User"},{"name":"epic","value":"FakeStore API Testing"},{"name":"feature","value":"Users Management"},{"name":"severity","value":"normal"},{"name":"resultFormat","value":"allure2"}],"parameters":[{"name":"arg0","value":"2147483647"}],"links":[],"hidden":false,"retry":false,"extra":{"severity":"normal","retries":[],"categories":[{"name":"Product defects","matchedStatuses":[]}],"history":{"statistic":{"failed":20,"broken":0,"skipped":0,"passed":0,"unknown":0,"total":20},"items":[{"uid":"4f1a32e57d31b638","reportUrl":"http://172.31.95.175:8080/job/FakeStoreAPI-Tests/59/allure/#testresult/4f1a32e57d31b638","status":"failed","statusDetails":"1 expectation failed.\nExpected status code (<400> or <404> or <403>) but was <200>.\n","time":{"start":1755213164873,"stop":1755213165397,"duration":524}},{"uid":"749a1f64f93af89d","reportUrl":"http://172.31.95.175:8080/job/FakeStoreAPI-Tests/58/allure/#testresult/749a1f64f93af89d","status":"failed","statusDetails":"1 expectation failed.\nExpected status code (<400> or <404> or <403>) but was <200>.\n","time":{"start":1755212647863,"stop":1755212648382,"duration":519}},{"uid":"a00f3aa673a62d77","reportUrl":"http://172.31.95.175:8080/job/FakeStoreAPI-Tests/57/allure/#testresult/a00f3aa673a62d77","status":"failed","statusDetails":"1 expectation failed.\nExpected status code (<400> or <404> or <403>) but was <200>.\n","time":{"start":1755210522152,"stop":1755210522549,"duration":397}},{"uid":"b0e72ea3c65f2cd","reportUrl":"http://172.31.95.175:8080/job/FakeStoreAPI-Tests/56/allure/#testresult/b0e72ea3c65f2cd","status":"failed","statusDetails":"1 expectation failed.\nExpected status code (<400> or <404> or <403>) but was <200>.\n","time":{"start":1755208783043,"stop":1755208783434,"duration":391}},{"uid":"f40b73f78fa879f3","reportUrl":"http://172.31.95.175:8080/job/FakeStoreAPI-Tests/55/allure/#testresult/f40b73f78fa879f3","status":"failed","statusDetails":"1 expectation failed.\nExpected status code (<400> or <404> or <403>) but was <200>.\n","time":{"start":1755207996857,"stop":1755207997638,"duration":781}},{"uid":"d69fbbde5fd3c0b4","reportUrl":"http://172.31.95.175:8080/job/FakeStoreAPI-Tests/53/allure/#testresult/d69fbbde5fd3c0b4","status":"failed","statusDetails":"1 expectation failed.\nExpected status code (<400> or <404> or <403>) but was <200>.\n","time":{"start":1755207012206,"stop":1755207012723,"duration":517}},{"uid":"f55626d2499778c1","reportUrl":"http://172.31.95.175:8080/job/FakeStoreAPI-Tests/52/allure/#testresult/f55626d2499778c1","status":"failed","statusDetails":"1 expectation failed.\nExpected status code (<400> or <404> or <403>) but was <200>.\n","time":{"start":1755205818885,"stop":1755205819295,"duration":410}},{"uid":"f1296e2397d7f267","reportUrl":"http://172.31.95.175:8080/job/FakeStoreAPI-Tests/51/allure/#testresult/f1296e2397d7f267","status":"failed","statusDetails":"1 expectation failed.\nExpected status code (<400> or <404> or <403>) but was <200>.\n","time":{"start":1755190812355,"stop":1755190812896,"duration":541}},{"uid":"d0cfaa9f7da6c26","reportUrl":"http://172.31.95.175:8080/job/FakeStoreAPI-Tests/50/allure/#testresult/d0cfaa9f7da6c26","status":"failed","statusDetails":"1 expectation failed.\nExpected status code (<400> or <404> or <403>) but was <200>.\n","time":{"start":1755158429108,"stop":1755158429972,"duration":864}},{"uid":"dc2f64186aa5d","reportUrl":"http://172.31.95.175:8080/job/FakeStoreAPI-Tests/49/allure/#testresult/dc2f64186aa5d","status":"failed","statusDetails":"1 expectation failed.\nExpected status code (<400> or <404> or <403>) but was <200>.\n","time":{"start":1755156711367,"stop":1755156711802,"duration":435}},{"uid":"f1f02639f7d6e682","reportUrl":"http://172.31.95.175:8080/job/FakeStoreAPI-Tests/48/allure/#testresult/f1f02639f7d6e682","status":"failed","statusDetails":"1 expectation failed.\nExpected status code (<400> or <404> or <403>) but was <200>.\n","time":{"start":1755104760422,"stop":1755104761106,"duration":684}},{"uid":"46c9a6744e99db12","reportUrl":"http://172.31.95.175:8080/job/FakeStoreAPI-Tests/47/allure/#testresult/46c9a6744e99db12","status":"failed","statusDetails":"1 expectation failed.\nExpected status code (<400> or <404> or <403>) but was <200>.\n","time":{"start":1755096904864,"stop":1755096905444,"duration":580}},{"uid":"6c0955f1507b9f8d","reportUrl":"http://172.31.95.175:8080/job/FakeStoreAPI-Tests/46/allure/#testresult/6c0955f1507b9f8d","status":"failed","statusDetails":"1 expectation failed.\nExpected status code (<400> or <404> or <403>) but was <200>.\n","time":{"start":1755096443137,"stop":1755096443938,"duration":801}},{"uid":"a2482699373a63e0","reportUrl":"http://172.31.95.175:8080/job/FakeStoreAPI-Tests/45/allure/#testresult/a2482699373a63e0","status":"failed","statusDetails":"1 expectation failed.\nExpected status code (<400> or <404> or <403>) but was <200>.\n","time":{"start":1755093154323,"stop":1755093154990,"duration":667}},{"uid":"5ca9418dd8471539","reportUrl":"http://172.31.95.175:8080/job/FakeStoreAPI-Tests/44/allure/#testresult/5ca9418dd8471539","status":"failed","statusDetails":"1 expectation failed.\nExpected status code (<400> or <404> or <403>) but was <200>.\n","time":{"start":1755089469761,"stop":1755089470564,"duration":803}},{"uid":"404eeb9fc44198c6","reportUrl":"http://172.31.95.175:8080/job/FakeStoreAPI-Tests/43/allure/#testresult/404eeb9fc44198c6","status":"failed","statusDetails":"1 expectation failed.\nExpected status code (<400> or <404> or <403>) but was <200>.\n","time":{"start":1755089402783,"stop":1755089403388,"duration":605}},{"uid":"f06a315c7ae43717","reportUrl":"http://172.31.95.175:8080/job/FakeStoreAPI-Tests/42/allure/#testresult/f06a315c7ae43717","status":"failed","statusDetails":"1 expectation failed.\nExpected status code (<400> or <404> or <403>) but was <200>.\n","time":{"start":1755087408130,"stop":1755087408785,"duration":655}},{"uid":"7cd188774699c896","reportUrl":"https://0b1ac5d00a7d.ngrok-free.app/job/FakeStoreAPI-Tests/41/allure/#testresult/7cd188774699c896","status":"failed","statusDetails":"1 expectation failed.\nExpected status code (<400> or <404> or <403>) but was <200>.\n","time":{"start":1755034931940,"stop":1755034933430,"duration":1490}},{"uid":"8319a26652ddefbf","reportUrl":"https://0b1ac5d00a7d.ngrok-free.app/job/FakeStoreAPI-Tests/40/allure/#testresult/8319a26652ddefbf","status":"failed","statusDetails":"1 expectation failed.\nExpected status code (<400> or <404> or <403>) but was <200>.\n","time":{"start":1755034731424,"stop":1755034732088,"duration":664}}]},"tags":[]},"source":"30eea486e7a4203f.json","parameterValues":["2147483647"]}