{"uid":"589374cc051483f7","name":"testDeleteUserWithNegativeId","fullName":"com.emmanuelarhu.tests.UsersApiTest.testDeleteUserWithNegativeId","historyId":"e5054699d9ee534508bc75f14d77839b","time":{"start":1755265952097,"stop":1755265952794,"duration":697},"description":"Verify error handling when deleting user with negative ID","descriptionHtml":"<p>Verify error handling when deleting user with negative ID</p>\n","status":"failed","statusMessage":"1 expectation failed.\nExpected status code (<400> or <404> or <403>) but was <200>.\n","statusTrace":"java.lang.AssertionError: 1 expectation failed.\nExpected status code (<400> or <404> or <403>) but was <200>.\n\n\tat java.base/jdk.internal.reflect.DirectConstructorHandleAccessor.newInstance(DirectConstructorHandleAccessor.java:62)\n\tat java.base/java.lang.reflect.Constructor.newInstanceWithCaller(Constructor.java:502)\n\tat java.base/java.lang.reflect.Constructor.newInstance(Constructor.java:486)\n\tat org.codehaus.groovy.reflection.CachedConstructor.invoke(CachedConstructor.java:73)\n\tat org.codehaus.groovy.runtime.callsite.ConstructorSite$ConstructorSiteNoUnwrapNoCoerce.callConstructor(ConstructorSite.java:108)\n\tat org.codehaus.groovy.runtime.callsite.AbstractCallSite.callConstructor(AbstractCallSite.java:277)\n\tat io.restassured.internal.ResponseSpecificationImpl$HamcrestAssertionClosure.validate(ResponseSpecificationImpl.groovy:512)\n\tat io.restassured.internal.ResponseSpecificationImpl$HamcrestAssertionClosure$validate$1.call(Unknown Source)\n\tat io.restassured.internal.ResponseSpecificationImpl.validateResponseIfRequired(ResponseSpecificationImpl.groovy:696)\n\tat io.restassured.internal.ResponseSpecificationImpl.this$2$validateResponseIfRequired(ResponseSpecificationImpl.groovy)\n\tat java.base/jdk.internal.reflect.DirectMethodHandleAccessor.invoke(DirectMethodHandleAccessor.java:103)\n\tat java.base/java.lang.reflect.Method.invoke(Method.java:580)\n\tat org.codehaus.groovy.runtime.callsite.PlainObjectMetaMethodSite.doInvoke(PlainObjectMetaMethodSite.java:43)\n\tat org.codehaus.groovy.runtime.callsite.PogoMetaMethodSite$PogoCachedMethodSiteNoUnwrapNoCoerce.invoke(PogoMetaMethodSite.java:198)\n\tat org.codehaus.groovy.runtime.callsite.PogoMetaMethodSite.callCurrent(PogoMetaMethodSite.java:62)\n\tat org.codehaus.groovy.runtime.callsite.AbstractCallSite.callCurrent(AbstractCallSite.java:185)\n\tat io.restassured.internal.ResponseSpecificationImpl.statusCode(ResponseSpecificationImpl.groovy:135)\n\tat io.restassured.internal.ValidatableResponseOptionsImpl.statusCode(ValidatableResponseOptionsImpl.java:84)\n\tat com.emmanuelarhu.tests.UsersApiTest.testDeleteUserWithNegativeId(UsersApiTest.java:422)\n\tat java.base/jdk.internal.reflect.DirectMethodHandleAccessor.invoke(DirectMethodHandleAccessor.java:103)\n\tat java.base/java.lang.reflect.Method.invoke(Method.java:580)\n\tat org.testng.internal.invokers.MethodInvocationHelper.invokeMethod(MethodInvocationHelper.java:139)\n\tat org.testng.internal.invokers.TestInvoker.invokeMethod(TestInvoker.java:664)\n\tat org.testng.internal.invokers.TestInvoker.invokeTestMethod(TestInvoker.java:227)\n\tat org.testng.internal.invokers.MethodRunner.runInSequence(MethodRunner.java:50)\n\tat org.testng.internal.invokers.TestInvoker$MethodInvocationAgent.invoke(TestInvoker.java:957)\n\tat org.testng.internal.invokers.TestInvoker.invokeTestMethods(TestInvoker.java:200)\n\tat org.testng.internal.invokers.TestMethodWorker.invokeTestMethods(TestMethodWorker.java:148)\n\tat org.testng.internal.invokers.TestMethodWorker.run(TestMethodWorker.java:128)\n\tat java.base/java.util.ArrayList.forEach(ArrayList.java:1596)\n\tat org.testng.TestRunner.privateRun(TestRunner.java:848)\n\tat org.testng.TestRunner.run(TestRunner.java:621)\n\tat org.testng.SuiteRunner.runTest(SuiteRunner.java:443)\n\tat org.testng.SuiteRunner.runSequentially(SuiteRunner.java:437)\n\tat org.testng.SuiteRunner.privateRun(SuiteRunner.java:397)\n\tat org.testng.SuiteRunner.run(SuiteRunner.java:336)\n\tat org.testng.SuiteRunnerWorker.runSuite(SuiteRunnerWorker.java:52)\n\tat org.testng.SuiteRunnerWorker.run(SuiteRunnerWorker.java:95)\n\tat org.testng.TestNG.runSuitesSequentially(TestNG.java:1280)\n\tat org.testng.TestNG.runSuitesLocally(TestNG.java:1200)\n\tat org.testng.TestNG.runSuites(TestNG.java:1114)\n\tat org.testng.TestNG.run(TestNG.java:1082)\n\tat org.apache.maven.surefire.testng.TestNGExecutor.run(TestNGExecutor.java:155)\n\tat org.apache.maven.surefire.testng.TestNGDirectoryTestSuite.executeMulti(TestNGDirectoryTestSuite.java:169)\n\tat org.apache.maven.surefire.testng.TestNGDirectoryTestSuite.execute(TestNGDirectoryTestSuite.java:88)\n\tat org.apache.maven.surefire.testng.TestNGProvider.invoke(TestNGProvider.java:137)\n\tat org.apache.maven.surefire.booter.ForkedBooter.runSuitesInProcess(ForkedBooter.java:385)\n\tat org.apache.maven.surefire.booter.ForkedBooter.execute(ForkedBooter.java:162)\n\tat org.apache.maven.surefire.booter.ForkedBooter.run(ForkedBooter.java:507)\n\tat org.apache.maven.surefire.booter.ForkedBooter.main(ForkedBooter.java:495)\n","flaky":false,"newFailed":false,"newBroken":false,"newPassed":false,"retriesCount":0,"retriesStatusChange":false,"beforeStages":[{"name":"setUp","time":{"start":1755265920091,"stop":1755265920091,"duration":0},"description":"","status":"passed","steps":[],"attachments":[],"parameters":[],"shouldDisplayMessage":false,"stepsCount":0,"attachmentsCount":0,"hasContent":false,"attachmentStep":false},{"name":"beforeMethod","time":{"start":1755265952095,"stop":1755265952095,"duration":0},"description":"","status":"passed","steps":[],"attachments":[],"parameters":[],"shouldDisplayMessage":false,"stepsCount":0,"attachmentsCount":0,"hasContent":false,"attachmentStep":false}],"testStage":{"description":"Verify error handling when deleting user with negative ID","status":"failed","statusMessage":"1 expectation failed.\nExpected status code (<400> or <404> or <403>) but was <200>.\n","statusTrace":"java.lang.AssertionError: 1 expectation failed.\nExpected status code (<400> or <404> or <403>) but was <200>.\n\n\tat java.base/jdk.internal.reflect.DirectConstructorHandleAccessor.newInstance(DirectConstructorHandleAccessor.java:62)\n\tat java.base/java.lang.reflect.Constructor.newInstanceWithCaller(Constructor.java:502)\n\tat java.base/java.lang.reflect.Constructor.newInstance(Constructor.java:486)\n\tat org.codehaus.groovy.reflection.CachedConstructor.invoke(CachedConstructor.java:73)\n\tat org.codehaus.groovy.runtime.callsite.ConstructorSite$ConstructorSiteNoUnwrapNoCoerce.callConstructor(ConstructorSite.java:108)\n\tat org.codehaus.groovy.runtime.callsite.AbstractCallSite.callConstructor(AbstractCallSite.java:277)\n\tat io.restassured.internal.ResponseSpecificationImpl$HamcrestAssertionClosure.validate(ResponseSpecificationImpl.groovy:512)\n\tat io.restassured.internal.ResponseSpecificationImpl$HamcrestAssertionClosure$validate$1.call(Unknown Source)\n\tat io.restassured.internal.ResponseSpecificationImpl.validateResponseIfRequired(ResponseSpecificationImpl.groovy:696)\n\tat io.restassured.internal.ResponseSpecificationImpl.this$2$validateResponseIfRequired(ResponseSpecificationImpl.groovy)\n\tat java.base/jdk.internal.reflect.DirectMethodHandleAccessor.invoke(DirectMethodHandleAccessor.java:103)\n\tat java.base/java.lang.reflect.Method.invoke(Method.java:580)\n\tat org.codehaus.groovy.runtime.callsite.PlainObjectMetaMethodSite.doInvoke(PlainObjectMetaMethodSite.java:43)\n\tat org.codehaus.groovy.runtime.callsite.PogoMetaMethodSite$PogoCachedMethodSiteNoUnwrapNoCoerce.invoke(PogoMetaMethodSite.java:198)\n\tat org.codehaus.groovy.runtime.callsite.PogoMetaMethodSite.callCurrent(PogoMetaMethodSite.java:62)\n\tat org.codehaus.groovy.runtime.callsite.AbstractCallSite.callCurrent(AbstractCallSite.java:185)\n\tat io.restassured.internal.ResponseSpecificationImpl.statusCode(ResponseSpecificationImpl.groovy:135)\n\tat io.restassured.internal.ValidatableResponseOptionsImpl.statusCode(ValidatableResponseOptionsImpl.java:84)\n\tat com.emmanuelarhu.tests.UsersApiTest.testDeleteUserWithNegativeId(UsersApiTest.java:422)\n\tat java.base/jdk.internal.reflect.DirectMethodHandleAccessor.invoke(DirectMethodHandleAccessor.java:103)\n\tat java.base/java.lang.reflect.Method.invoke(Method.java:580)\n\tat org.testng.internal.invokers.MethodInvocationHelper.invokeMethod(MethodInvocationHelper.java:139)\n\tat org.testng.internal.invokers.TestInvoker.invokeMethod(TestInvoker.java:664)\n\tat org.testng.internal.invokers.TestInvoker.invokeTestMethod(TestInvoker.java:227)\n\tat org.testng.internal.invokers.MethodRunner.runInSequence(MethodRunner.java:50)\n\tat org.testng.internal.invokers.TestInvoker$MethodInvocationAgent.invoke(TestInvoker.java:957)\n\tat org.testng.internal.invokers.TestInvoker.invokeTestMethods(TestInvoker.java:200)\n\tat org.testng.internal.invokers.TestMethodWorker.invokeTestMethods(TestMethodWorker.java:148)\n\tat org.testng.internal.invokers.TestMethodWorker.run(TestMethodWorker.java:128)\n\tat java.base/java.util.ArrayList.forEach(ArrayList.java:1596)\n\tat org.testng.TestRunner.privateRun(TestRunner.java:848)\n\tat org.testng.TestRunner.run(TestRunner.java:621)\n\tat org.testng.SuiteRunner.runTest(SuiteRunner.java:443)\n\tat org.testng.SuiteRunner.runSequentially(SuiteRunner.java:437)\n\tat org.testng.SuiteRunner.privateRun(SuiteRunner.java:397)\n\tat org.testng.SuiteRunner.run(SuiteRunner.java:336)\n\tat org.testng.SuiteRunnerWorker.runSuite(SuiteRunnerWorker.java:52)\n\tat org.testng.SuiteRunnerWorker.run(SuiteRunnerWorker.java:95)\n\tat org.testng.TestNG.runSuitesSequentially(TestNG.java:1280)\n\tat org.testng.TestNG.runSuitesLocally(TestNG.java:1200)\n\tat org.testng.TestNG.runSuites(TestNG.java:1114)\n\tat org.testng.TestNG.run(TestNG.java:1082)\n\tat org.apache.maven.surefire.testng.TestNGExecutor.run(TestNGExecutor.java:155)\n\tat org.apache.maven.surefire.testng.TestNGDirectoryTestSuite.executeMulti(TestNGDirectoryTestSuite.java:169)\n\tat org.apache.maven.surefire.testng.TestNGDirectoryTestSuite.execute(TestNGDirectoryTestSuite.java:88)\n\tat org.apache.maven.surefire.testng.TestNGProvider.invoke(TestNGProvider.java:137)\n\tat org.apache.maven.surefire.booter.ForkedBooter.runSuitesInProcess(ForkedBooter.java:385)\n\tat org.apache.maven.surefire.booter.ForkedBooter.execute(ForkedBooter.java:162)\n\tat org.apache.maven.surefire.booter.ForkedBooter.run(ForkedBooter.java:507)\n\tat org.apache.maven.surefire.booter.ForkedBooter.main(ForkedBooter.java:495)\n","steps":[],"attachments":[{"uid":"9edb6f069ee85117","name":"Request","source":"9edb6f069ee85117.html","type":"text/html","size":375},{"uid":"563c554d8f9baa48","name":"HTTP/1.1 200 OK","source":"563c554d8f9baa48.html","type":"text/html","size":1175}],"parameters":[],"shouldDisplayMessage":true,"stepsCount":0,"attachmentsCount":2,"hasContent":true,"attachmentStep":false},"afterStages":[],"labels":[{"name":"package","value":"com.emmanuelarhu.tests.UsersApiTest"},{"name":"testClass","value":"com.emmanuelarhu.tests.UsersApiTest"},{"name":"testMethod","value":"testDeleteUserWithNegativeId"},{"name":"parentSuite","value":"Surefire suite"},{"name":"suite","value":"Surefire test"},{"name":"subSuite","value":"com.emmanuelarhu.tests.UsersApiTest"},{"name":"host","value":"EMMANUEL-LAPTOP"},{"name":"thread","value":"1497@EMMANUEL-LAPTOP.main(1)"},{"name":"framework","value":"testng"},{"name":"language","value":"java"},{"name":"story","value":"Delete User"},{"name":"epic","value":"FakeStore API Testing"},{"name":"feature","value":"Users Management"},{"name":"severity","value":"minor"},{"name":"resultFormat","value":"allure2"}],"parameters":[],"links":[],"hidden":false,"retry":false,"extra":{"severity":"minor","retries":[],"categories":[{"name":"Product defects","matchedStatuses":[]}],"history":{"statistic":{"failed":20,"broken":0,"skipped":0,"passed":0,"unknown":0,"total":20},"items":[{"uid":"f3315965c7316fee","reportUrl":"http://172.31.95.175:8080/job/FakeStoreAPI-Tests/59/allure/#testresult/f3315965c7316fee","status":"failed","statusDetails":"1 expectation failed.\nExpected status code (<400> or <404> or <403>) but was <200>.\n","time":{"start":1755213186260,"stop":1755213186786,"duration":526}},{"uid":"d9f5462a09ed9dc3","reportUrl":"http://172.31.95.175:8080/job/FakeStoreAPI-Tests/58/allure/#testresult/d9f5462a09ed9dc3","status":"failed","statusDetails":"1 expectation failed.\nExpected status code (<400> or <404> or <403>) but was <200>.\n","time":{"start":1755212666004,"stop":1755212666527,"duration":523}},{"uid":"dd93a58cd4be3f25","reportUrl":"http://172.31.95.175:8080/job/FakeStoreAPI-Tests/57/allure/#testresult/dd93a58cd4be3f25","status":"failed","statusDetails":"1 expectation failed.\nExpected status code (<400> or <404> or <403>) but was <200>.\n","time":{"start":1755210538146,"stop":1755210538512,"duration":366}},{"uid":"f8045929f7a050ef","reportUrl":"http://172.31.95.175:8080/job/FakeStoreAPI-Tests/56/allure/#testresult/f8045929f7a050ef","status":"failed","statusDetails":"1 expectation failed.\nExpected status code (<400> or <404> or <403>) but was <200>.\n","time":{"start":1755208799584,"stop":1755208799957,"duration":373}},{"uid":"3c3e8b9b15c68a60","reportUrl":"http://172.31.95.175:8080/job/FakeStoreAPI-Tests/55/allure/#testresult/3c3e8b9b15c68a60","status":"failed","statusDetails":"1 expectation failed.\nExpected status code (<400> or <404> or <403>) but was <200>.\n","time":{"start":1755208023491,"stop":1755208024365,"duration":874}},{"uid":"2795cbc725a7824f","reportUrl":"http://172.31.95.175:8080/job/FakeStoreAPI-Tests/53/allure/#testresult/2795cbc725a7824f","status":"failed","statusDetails":"1 expectation failed.\nExpected status code (<400> or <404> or <403>) but was <200>.\n","time":{"start":1755207027825,"stop":1755207028207,"duration":382}},{"uid":"4f0dfdd46800f5ac","reportUrl":"http://172.31.95.175:8080/job/FakeStoreAPI-Tests/52/allure/#testresult/4f0dfdd46800f5ac","status":"failed","statusDetails":"1 expectation failed.\nExpected status code (<400> or <404> or <403>) but was <200>.\n","time":{"start":1755205840388,"stop":1755205840819,"duration":431}},{"uid":"fee395644fcde04b","reportUrl":"http://172.31.95.175:8080/job/FakeStoreAPI-Tests/51/allure/#testresult/fee395644fcde04b","status":"failed","statusDetails":"1 expectation failed.\nExpected status code (<400> or <404> or <403>) but was <200>.\n","time":{"start":1755190829420,"stop":1755190829879,"duration":459}},{"uid":"a4c8dd9f6256ceb","reportUrl":"http://172.31.95.175:8080/job/FakeStoreAPI-Tests/50/allure/#testresult/a4c8dd9f6256ceb","status":"failed","statusDetails":"1 expectation failed.\nExpected status code (<400> or <404> or <403>) but was <200>.\n","time":{"start":1755158455338,"stop":1755158456059,"duration":721}},{"uid":"c9d59f69a173d2b5","reportUrl":"http://172.31.95.175:8080/job/FakeStoreAPI-Tests/49/allure/#testresult/c9d59f69a173d2b5","status":"failed","statusDetails":"1 expectation failed.\nExpected status code (<400> or <404> or <403>) but was <200>.\n","time":{"start":1755156727932,"stop":1755156728396,"duration":464}},{"uid":"bf72b72158d206e8","reportUrl":"http://172.31.95.175:8080/job/FakeStoreAPI-Tests/48/allure/#testresult/bf72b72158d206e8","status":"failed","statusDetails":"1 expectation failed.\nExpected status code (<400> or <404> or <403>) but was <200>.\n","time":{"start":1755104782828,"stop":1755104783657,"duration":829}},{"uid":"331aaff28b5adabc","reportUrl":"http://172.31.95.175:8080/job/FakeStoreAPI-Tests/47/allure/#testresult/331aaff28b5adabc","status":"failed","statusDetails":"1 expectation failed.\nExpected status code (<400> or <404> or <403>) but was <200>.\n","time":{"start":1755096928813,"stop":1755096929381,"duration":568}},{"uid":"198a6ba620dec9b0","reportUrl":"http://172.31.95.175:8080/job/FakeStoreAPI-Tests/46/allure/#testresult/198a6ba620dec9b0","status":"failed","statusDetails":"1 expectation failed.\nExpected status code (<400> or <404> or <403>) but was <200>.\n","time":{"start":1755096466908,"stop":1755096467471,"duration":563}},{"uid":"5cf3cb072c74c886","reportUrl":"http://172.31.95.175:8080/job/FakeStoreAPI-Tests/45/allure/#testresult/5cf3cb072c74c886","status":"failed","statusDetails":"1 expectation failed.\nExpected status code (<400> or <404> or <403>) but was <200>.\n","time":{"start":1755093180730,"stop":1755093181302,"duration":572}},{"uid":"48aabd574f3e6dfe","reportUrl":"http://172.31.95.175:8080/job/FakeStoreAPI-Tests/44/allure/#testresult/48aabd574f3e6dfe","status":"failed","statusDetails":"1 expectation failed.\nExpected status code (<400> or <404> or <403>) but was <200>.\n","time":{"start":1755089493818,"stop":1755089494601,"duration":783}},{"uid":"5a9936357c837d8","reportUrl":"http://172.31.95.175:8080/job/FakeStoreAPI-Tests/43/allure/#testresult/5a9936357c837d8","status":"failed","statusDetails":"1 expectation failed.\nExpected status code (<400> or <404> or <403>) but was <200>.\n","time":{"start":1755089422032,"stop":1755089422534,"duration":502}},{"uid":"93386a3e243e7736","reportUrl":"http://172.31.95.175:8080/job/FakeStoreAPI-Tests/42/allure/#testresult/93386a3e243e7736","status":"failed","statusDetails":"1 expectation failed.\nExpected status code (<400> or <404> or <403>) but was <200>.\n","time":{"start":1755087430201,"stop":1755087430836,"duration":635}},{"uid":"c9a897b2fb85bba3","reportUrl":"https://0b1ac5d00a7d.ngrok-free.app/job/FakeStoreAPI-Tests/41/allure/#testresult/c9a897b2fb85bba3","status":"failed","statusDetails":"1 expectation failed.\nExpected status code (<400> or <404> or <403>) but was <200>.\n","time":{"start":1755034947668,"stop":1755034948071,"duration":403}},{"uid":"7dcaab86f3d0eebe","reportUrl":"https://0b1ac5d00a7d.ngrok-free.app/job/FakeStoreAPI-Tests/40/allure/#testresult/7dcaab86f3d0eebe","status":"failed","statusDetails":"1 expectation failed.\nExpected status code (<400> or <404> or <403>) but was <200>.\n","time":{"start":1755034747307,"stop":1755034747698,"duration":391}}]},"tags":[]},"source":"589374cc051483f7.json","parameterValues":[]}