{"uid":"996a105d5529420","name":"testCreateCartWithInvalidData","fullName":"com.emmanuelarhu.tests.CartsApiTest.testCreateCartWithInvalidData","historyId":"5fcb7c127c459f9e8ccae4d359ed91c6","time":{"start":1755265725126,"stop":1755265727397,"duration":2271},"description":"Verify appropriate error handling when creating cart with invalid data","descriptionHtml":"<p>Verify appropriate error handling when creating cart with invalid data</p>\n","status":"failed","statusMessage":"1 expectation failed.\nExpected status code (<400> or <422> or <403>) but was <201>.\n","statusTrace":"java.lang.AssertionError: 1 expectation failed.\nExpected status code (<400> or <422> or <403>) but was <201>.\n\n\tat java.base/jdk.internal.reflect.DirectConstructorHandleAccessor.newInstance(DirectConstructorHandleAccessor.java:62)\n\tat java.base/java.lang.reflect.Constructor.newInstanceWithCaller(Constructor.java:502)\n\tat java.base/java.lang.reflect.Constructor.newInstance(Constructor.java:486)\n\tat org.codehaus.groovy.reflection.CachedConstructor.invoke(CachedConstructor.java:73)\n\tat org.codehaus.groovy.runtime.callsite.ConstructorSite$ConstructorSiteNoUnwrapNoCoerce.callConstructor(ConstructorSite.java:108)\n\tat org.codehaus.groovy.runtime.callsite.AbstractCallSite.callConstructor(AbstractCallSite.java:277)\n\tat io.restassured.internal.ResponseSpecificationImpl$HamcrestAssertionClosure.validate(ResponseSpecificationImpl.groovy:512)\n\tat io.restassured.internal.ResponseSpecificationImpl$HamcrestAssertionClosure$validate$1.call(Unknown Source)\n\tat io.restassured.internal.ResponseSpecificationImpl.validateResponseIfRequired(ResponseSpecificationImpl.groovy:696)\n\tat io.restassured.internal.ResponseSpecificationImpl.this$2$validateResponseIfRequired(ResponseSpecificationImpl.groovy)\n\tat java.base/jdk.internal.reflect.DirectMethodHandleAccessor.invoke(DirectMethodHandleAccessor.java:103)\n\tat java.base/java.lang.reflect.Method.invoke(Method.java:580)\n\tat org.codehaus.groovy.runtime.callsite.PlainObjectMetaMethodSite.doInvoke(PlainObjectMetaMethodSite.java:43)\n\tat org.codehaus.groovy.runtime.callsite.PogoMetaMethodSite$PogoCachedMethodSiteNoUnwrapNoCoerce.invoke(PogoMetaMethodSite.java:198)\n\tat org.codehaus.groovy.runtime.callsite.PogoMetaMethodSite.callCurrent(PogoMetaMethodSite.java:62)\n\tat org.codehaus.groovy.runtime.callsite.AbstractCallSite.callCurrent(AbstractCallSite.java:185)\n\tat io.restassured.internal.ResponseSpecificationImpl.statusCode(ResponseSpecificationImpl.groovy:135)\n\tat io.restassured.internal.ValidatableResponseOptionsImpl.statusCode(ValidatableResponseOptionsImpl.java:84)\n\tat com.emmanuelarhu.tests.CartsApiTest.testCreateCartWithInvalidData(CartsApiTest.java:200)\n\tat java.base/jdk.internal.reflect.DirectMethodHandleAccessor.invoke(DirectMethodHandleAccessor.java:103)\n\tat java.base/java.lang.reflect.Method.invoke(Method.java:580)\n\tat org.testng.internal.invokers.MethodInvocationHelper.invokeMethod(MethodInvocationHelper.java:139)\n\tat org.testng.internal.invokers.TestInvoker.invokeMethod(TestInvoker.java:664)\n\tat org.testng.internal.invokers.TestInvoker.invokeTestMethod(TestInvoker.java:227)\n\tat org.testng.internal.invokers.MethodRunner.runInSequence(MethodRunner.java:50)\n\tat org.testng.internal.invokers.TestInvoker$MethodInvocationAgent.invoke(TestInvoker.java:957)\n\tat org.testng.internal.invokers.TestInvoker.invokeTestMethods(TestInvoker.java:200)\n\tat org.testng.internal.invokers.TestMethodWorker.invokeTestMethods(TestMethodWorker.java:148)\n\tat org.testng.internal.invokers.TestMethodWorker.run(TestMethodWorker.java:128)\n\tat java.base/java.util.ArrayList.forEach(ArrayList.java:1596)\n\tat org.testng.TestRunner.privateRun(TestRunner.java:848)\n\tat org.testng.TestRunner.run(TestRunner.java:621)\n\tat org.testng.SuiteRunner.runTest(SuiteRunner.java:443)\n\tat org.testng.SuiteRunner.runSequentially(SuiteRunner.java:437)\n\tat org.testng.SuiteRunner.privateRun(SuiteRunner.java:397)\n\tat org.testng.SuiteRunner.run(SuiteRunner.java:336)\n\tat org.testng.SuiteRunnerWorker.runSuite(SuiteRunnerWorker.java:52)\n\tat org.testng.SuiteRunnerWorker.run(SuiteRunnerWorker.java:95)\n\tat org.testng.TestNG.runSuitesSequentially(TestNG.java:1280)\n\tat org.testng.TestNG.runSuitesLocally(TestNG.java:1200)\n\tat org.testng.TestNG.runSuites(TestNG.java:1114)\n\tat org.testng.TestNG.run(TestNG.java:1082)\n\tat org.apache.maven.surefire.testng.TestNGExecutor.run(TestNGExecutor.java:155)\n\tat org.apache.maven.surefire.testng.TestNGDirectoryTestSuite.executeMulti(TestNGDirectoryTestSuite.java:169)\n\tat org.apache.maven.surefire.testng.TestNGDirectoryTestSuite.execute(TestNGDirectoryTestSuite.java:88)\n\tat org.apache.maven.surefire.testng.TestNGProvider.invoke(TestNGProvider.java:137)\n\tat org.apache.maven.surefire.booter.ForkedBooter.runSuitesInProcess(ForkedBooter.java:385)\n\tat org.apache.maven.surefire.booter.ForkedBooter.execute(ForkedBooter.java:162)\n\tat org.apache.maven.surefire.booter.ForkedBooter.run(ForkedBooter.java:507)\n\tat org.apache.maven.surefire.booter.ForkedBooter.main(ForkedBooter.java:495)\n","flaky":false,"newFailed":false,"newBroken":false,"newPassed":false,"retriesCount":0,"retriesStatusChange":false,"beforeStages":[{"name":"setUp","time":{"start":1755265687700,"stop":1755265688499,"duration":799},"description":"","status":"passed","steps":[],"attachments":[],"parameters":[],"shouldDisplayMessage":false,"stepsCount":0,"attachmentsCount":0,"hasContent":false,"attachmentStep":false},{"name":"beforeMethod","time":{"start":1755265725125,"stop":1755265725125,"duration":0},"description":"","status":"passed","steps":[],"attachments":[],"parameters":[],"shouldDisplayMessage":false,"stepsCount":0,"attachmentsCount":0,"hasContent":false,"attachmentStep":false}],"testStage":{"description":"Verify appropriate error handling when creating cart with invalid data","status":"failed","statusMessage":"1 expectation failed.\nExpected status code (<400> or <422> or <403>) but was <201>.\n","statusTrace":"java.lang.AssertionError: 1 expectation failed.\nExpected status code (<400> or <422> or <403>) but was <201>.\n\n\tat java.base/jdk.internal.reflect.DirectConstructorHandleAccessor.newInstance(DirectConstructorHandleAccessor.java:62)\n\tat java.base/java.lang.reflect.Constructor.newInstanceWithCaller(Constructor.java:502)\n\tat java.base/java.lang.reflect.Constructor.newInstance(Constructor.java:486)\n\tat org.codehaus.groovy.reflection.CachedConstructor.invoke(CachedConstructor.java:73)\n\tat org.codehaus.groovy.runtime.callsite.ConstructorSite$ConstructorSiteNoUnwrapNoCoerce.callConstructor(ConstructorSite.java:108)\n\tat org.codehaus.groovy.runtime.callsite.AbstractCallSite.callConstructor(AbstractCallSite.java:277)\n\tat io.restassured.internal.ResponseSpecificationImpl$HamcrestAssertionClosure.validate(ResponseSpecificationImpl.groovy:512)\n\tat io.restassured.internal.ResponseSpecificationImpl$HamcrestAssertionClosure$validate$1.call(Unknown Source)\n\tat io.restassured.internal.ResponseSpecificationImpl.validateResponseIfRequired(ResponseSpecificationImpl.groovy:696)\n\tat io.restassured.internal.ResponseSpecificationImpl.this$2$validateResponseIfRequired(ResponseSpecificationImpl.groovy)\n\tat java.base/jdk.internal.reflect.DirectMethodHandleAccessor.invoke(DirectMethodHandleAccessor.java:103)\n\tat java.base/java.lang.reflect.Method.invoke(Method.java:580)\n\tat org.codehaus.groovy.runtime.callsite.PlainObjectMetaMethodSite.doInvoke(PlainObjectMetaMethodSite.java:43)\n\tat org.codehaus.groovy.runtime.callsite.PogoMetaMethodSite$PogoCachedMethodSiteNoUnwrapNoCoerce.invoke(PogoMetaMethodSite.java:198)\n\tat org.codehaus.groovy.runtime.callsite.PogoMetaMethodSite.callCurrent(PogoMetaMethodSite.java:62)\n\tat org.codehaus.groovy.runtime.callsite.AbstractCallSite.callCurrent(AbstractCallSite.java:185)\n\tat io.restassured.internal.ResponseSpecificationImpl.statusCode(ResponseSpecificationImpl.groovy:135)\n\tat io.restassured.internal.ValidatableResponseOptionsImpl.statusCode(ValidatableResponseOptionsImpl.java:84)\n\tat com.emmanuelarhu.tests.CartsApiTest.testCreateCartWithInvalidData(CartsApiTest.java:200)\n\tat java.base/jdk.internal.reflect.DirectMethodHandleAccessor.invoke(DirectMethodHandleAccessor.java:103)\n\tat java.base/java.lang.reflect.Method.invoke(Method.java:580)\n\tat org.testng.internal.invokers.MethodInvocationHelper.invokeMethod(MethodInvocationHelper.java:139)\n\tat org.testng.internal.invokers.TestInvoker.invokeMethod(TestInvoker.java:664)\n\tat org.testng.internal.invokers.TestInvoker.invokeTestMethod(TestInvoker.java:227)\n\tat org.testng.internal.invokers.MethodRunner.runInSequence(MethodRunner.java:50)\n\tat org.testng.internal.invokers.TestInvoker$MethodInvocationAgent.invoke(TestInvoker.java:957)\n\tat org.testng.internal.invokers.TestInvoker.invokeTestMethods(TestInvoker.java:200)\n\tat org.testng.internal.invokers.TestMethodWorker.invokeTestMethods(TestMethodWorker.java:148)\n\tat org.testng.internal.invokers.TestMethodWorker.run(TestMethodWorker.java:128)\n\tat java.base/java.util.ArrayList.forEach(ArrayList.java:1596)\n\tat org.testng.TestRunner.privateRun(TestRunner.java:848)\n\tat org.testng.TestRunner.run(TestRunner.java:621)\n\tat org.testng.SuiteRunner.runTest(SuiteRunner.java:443)\n\tat org.testng.SuiteRunner.runSequentially(SuiteRunner.java:437)\n\tat org.testng.SuiteRunner.privateRun(SuiteRunner.java:397)\n\tat org.testng.SuiteRunner.run(SuiteRunner.java:336)\n\tat org.testng.SuiteRunnerWorker.runSuite(SuiteRunnerWorker.java:52)\n\tat org.testng.SuiteRunnerWorker.run(SuiteRunnerWorker.java:95)\n\tat org.testng.TestNG.runSuitesSequentially(TestNG.java:1280)\n\tat org.testng.TestNG.runSuitesLocally(TestNG.java:1200)\n\tat org.testng.TestNG.runSuites(TestNG.java:1114)\n\tat org.testng.TestNG.run(TestNG.java:1082)\n\tat org.apache.maven.surefire.testng.TestNGExecutor.run(TestNGExecutor.java:155)\n\tat org.apache.maven.surefire.testng.TestNGDirectoryTestSuite.executeMulti(TestNGDirectoryTestSuite.java:169)\n\tat org.apache.maven.surefire.testng.TestNGDirectoryTestSuite.execute(TestNGDirectoryTestSuite.java:88)\n\tat org.apache.maven.surefire.testng.TestNGProvider.invoke(TestNGProvider.java:137)\n\tat org.apache.maven.surefire.booter.ForkedBooter.runSuitesInProcess(ForkedBooter.java:385)\n\tat org.apache.maven.surefire.booter.ForkedBooter.execute(ForkedBooter.java:162)\n\tat org.apache.maven.surefire.booter.ForkedBooter.run(ForkedBooter.java:507)\n\tat org.apache.maven.surefire.booter.ForkedBooter.main(ForkedBooter.java:495)\n","steps":[],"attachments":[{"uid":"3fa85a144851c2c2","name":"Request","source":"3fa85a144851c2c2.html","type":"text/html","size":812},{"uid":"fa4570542fbcdb73","name":"HTTP/1.1 201 Created","source":"fa4570542fbcdb73.html","type":"text/html","size":1255}],"parameters":[],"shouldDisplayMessage":true,"stepsCount":0,"attachmentsCount":2,"hasContent":true,"attachmentStep":false},"afterStages":[],"labels":[{"name":"package","value":"com.emmanuelarhu.tests.CartsApiTest"},{"name":"testClass","value":"com.emmanuelarhu.tests.CartsApiTest"},{"name":"testMethod","value":"testCreateCartWithInvalidData"},{"name":"parentSuite","value":"Surefire suite"},{"name":"suite","value":"Surefire test"},{"name":"subSuite","value":"com.emmanuelarhu.tests.CartsApiTest"},{"name":"host","value":"EMMANUEL-LAPTOP"},{"name":"thread","value":"1497@EMMANUEL-LAPTOP.main(1)"},{"name":"framework","value":"testng"},{"name":"language","value":"java"},{"name":"story","value":"Create Cart"},{"name":"feature","value":"Carts Management"},{"name":"epic","value":"FakeStore API Testing"},{"name":"severity","value":"normal"},{"name":"resultFormat","value":"allure2"}],"parameters":[{"name":"arg0","value":"Cart{id=null, userId=1, products=null, date='2024-01-01'}"},{"name":"arg1","value":"products"}],"links":[],"hidden":false,"retry":false,"extra":{"severity":"normal","retries":[],"categories":[{"name":"Product defects","matchedStatuses":[]}],"history":{"statistic":{"failed":12,"broken":0,"skipped":0,"passed":0,"unknown":0,"total":12},"items":[{"uid":"a02d391d9126a9b3","reportUrl":"http://172.31.95.175:8080/job/FakeStoreAPI-Tests/59/allure/#testresult/a02d391d9126a9b3","status":"failed","statusDetails":"1 expectation failed.\nExpected status code (<400> or <422> or <403>) but was <201>.\n","time":{"start":1755213069139,"stop":1755213069618,"duration":479}},{"uid":"8f8e42db41799d33","reportUrl":"http://172.31.95.175:8080/job/FakeStoreAPI-Tests/58/allure/#testresult/8f8e42db41799d33","status":"failed","statusDetails":"1 expectation failed.\nExpected status code (<400> or <422> or <403>) but was <201>.\n","time":{"start":1755212543444,"stop":1755212543915,"duration":471}},{"uid":"8d2042668a05a5ac","reportUrl":"http://172.31.95.175:8080/job/FakeStoreAPI-Tests/57/allure/#testresult/8d2042668a05a5ac","status":"failed","statusDetails":"1 expectation failed.\nExpected status code (<400> or <422> or <403>) but was <201>.\n","time":{"start":1755210454095,"stop":1755210454382,"duration":287}},{"uid":"3df746bc3c1ea1c7","reportUrl":"http://172.31.95.175:8080/job/FakeStoreAPI-Tests/56/allure/#testresult/3df746bc3c1ea1c7","status":"failed","statusDetails":"1 expectation failed.\nExpected status code (<400> or <422> or <403>) but was <201>.\n","time":{"start":1755208705822,"stop":1755208706181,"duration":359}},{"uid":"8973192d71e032d1","reportUrl":"http://172.31.95.175:8080/job/FakeStoreAPI-Tests/55/allure/#testresult/8973192d71e032d1","status":"failed","statusDetails":"1 expectation failed.\nExpected status code (<400> or <422> or <403>) but was <201>.\n","time":{"start":1755207862480,"stop":1755207863849,"duration":1369}},{"uid":"6021537691036667","reportUrl":"http://172.31.95.175:8080/job/FakeStoreAPI-Tests/53/allure/#testresult/6021537691036667","status":"failed","statusDetails":"1 expectation failed.\nExpected status code (<400> or <422> or <403>) but was <201>.\n","time":{"start":1755206937205,"stop":1755206937533,"duration":328}},{"uid":"d64cf956fd2e0d3c","reportUrl":"http://172.31.95.175:8080/job/FakeStoreAPI-Tests/52/allure/#testresult/d64cf956fd2e0d3c","status":"failed","statusDetails":"1 expectation failed.\nExpected status code (<400> or <422> or <403>) but was <201>.\n","time":{"start":1755205724109,"stop":1755205724509,"duration":400}},{"uid":"9559158b0b2a8ad1","reportUrl":"http://172.31.95.175:8080/job/FakeStoreAPI-Tests/51/allure/#testresult/9559158b0b2a8ad1","status":"failed","statusDetails":"1 expectation failed.\nExpected status code (<400> or <422> or <403>) but was <201>.\n","time":{"start":1755190718464,"stop":1755190718836,"duration":372}},{"uid":"7312ef8f639a0e21","reportUrl":"http://172.31.95.175:8080/job/FakeStoreAPI-Tests/50/allure/#testresult/7312ef8f639a0e21","status":"failed","statusDetails":"1 expectation failed.\nExpected status code (<400> or <422> or <403>) but was <201>.\n","time":{"start":1755158263974,"stop":1755158264411,"duration":437}},{"uid":"a5f40c21ff1eeb01","reportUrl":"http://172.31.95.175:8080/job/FakeStoreAPI-Tests/49/allure/#testresult/a5f40c21ff1eeb01","status":"failed","statusDetails":"1 expectation failed.\nExpected status code (<400> or <422> or <403> or <200>) but was <201>.\n","time":{"start":1755156617904,"stop":1755156618314,"duration":410}},{"uid":"83adbad989976504","reportUrl":"http://172.31.95.175:8080/job/FakeStoreAPI-Tests/48/allure/#testresult/83adbad989976504","status":"failed","statusDetails":"1 expectation failed.\nExpected status code (<400> or <422> or <403> or <200>) but was <201>.\n","time":{"start":1755104612287,"stop":1755104613023,"duration":736}}]},"tags":[]},"source":"996a105d5529420.json","parameterValues":["Cart{id=null, userId=1, products=null, date='2024-01-01'}","products"]}